#
# There is insufficient memory for the Java Runtime Environment to continue.
# Native memory allocation (malloc) failed to allocate 833136 bytes for Chunk::new
# Possible reasons:
#   The system is out of physical RAM or swap space
#   In 32 bit mode, the process size limit was hit
# Possible solutions:
#   Reduce memory load on the system
#   Increase physical memory or swap space
#   Check if swap backing store is full
#   Use 64 bit Java on a 64 bit OS
#   Decrease Java heap size (-Xmx/-Xms)
#   Decrease number of Java threads
#   Decrease Java thread stack sizes (-Xss)
#   Set larger code cache with -XX:ReservedCodeCacheSize=
# This output file may be truncated or incomplete.
#
#  Out of Memory Error (allocation.cpp:390), pid=16540, tid=0x0000000000004d84
#
# JRE version: Java(TM) SE Runtime Environment (8.0_181-b13) (build 1.8.0_181-b13)
# Java VM: Java HotSpot(TM) 64-Bit Server VM (25.181-b13 mixed mode windows-amd64 compressed oops)
# Failed to write core dump. Minidumps are not enabled by default on client versions of Windows
#

---------------  T H R E A D  ---------------

Current thread (0x0000000017a57000):  JavaThread "C2 CompilerThread0" daemon [_thread_in_native, id=19844, stack(0x0000000019700000,0x0000000019800000)]

Stack: [0x0000000019700000,0x0000000019800000]
[error occurred during error reporting (printing stack bounds), id 0xc0000005]

Native frames: (J=compiled Java code, j=interpreted, Vv=VM code, C=native code)


Current CompileTask:
C2:   1297 1569   !   4       java.util.jar.Attributes::read (380 bytes)


---------------  P R O C E S S  ---------------

Java Threads: ( => current thread )
  0x0000000019975800 JavaThread "Service Thread" daemon [_thread_blocked, id=9668, stack(0x0000000019e00000,0x0000000019f00000)]
  0x0000000017a5d800 JavaThread "C1 CompilerThread2" daemon [_thread_blocked, id=19664, stack(0x0000000019d00000,0x0000000019e00000)]
  0x0000000017a59000 JavaThread "C2 CompilerThread1" daemon [_thread_in_native, id=17540, stack(0x0000000019800000,0x0000000019900000)]
=>0x0000000017a57000 JavaThread "C2 CompilerThread0" daemon [_thread_in_native, id=19844, stack(0x0000000019700000,0x0000000019800000)]
  0x0000000017a54000 JavaThread "Attach Listener" daemon [_thread_blocked, id=10816, stack(0x0000000019600000,0x0000000019700000)]
  0x0000000017a53000 JavaThread "Signal Dispatcher" daemon [_thread_blocked, id=13488, stack(0x0000000019500000,0x0000000019600000)]
  0x0000000017a39800 JavaThread "Finalizer" daemon [_thread_blocked, id=22352, stack(0x00000000192e0000,0x00000000193e0000)]
  0x0000000017a30000 JavaThread "Reference Handler" daemon [_thread_blocked, id=11560, stack(0x00000000191e0000,0x00000000192e0000)]
  0x0000000002aef000 JavaThread "main" [_thread_in_vm, id=32208, stack(0x00000000029e0000,0x0000000002ae0000)]

Other Threads:
  0x0000000017a0a000 VMThread [stack: 0x00000000190e0000,0x00000000191e0000] [id=22036]
  0x00000000199af000 WatcherThread [stack: 0x0000000019f00000,0x000000001a000000] [id=17680]

VM state:not at safepoint (normal execution)

VM Mutex/Monitor currently owned by a thread: None

Heap:
 PSYoungGen      total 37888K, used 27322K [0x00000000d5580000, 0x00000000d9480000, 0x0000000100000000)
  eden space 32768K, 75% used [0x00000000d5580000,0x00000000d6d80948,0x00000000d7580000)
  from space 5120K, 53% used [0x00000000d7580000,0x00000000d782dee0,0x00000000d7a80000)
  to   space 8192K, 0% used [0x00000000d8c80000,0x00000000d8c80000,0x00000000d9480000)
 ParOldGen       total 58880K, used 7030K [0x0000000080000000, 0x0000000083980000, 0x00000000d5580000)
  object space 58880K, 11% used [0x0000000080000000,0x00000000806dd918,0x0000000083980000)
 Metaspace       used 19350K, capacity 19662K, committed 19968K, reserved 1067008K
  class space    used 2184K, capacity 2289K, committed 2304K, reserved 1048576K

Card table byte_map: [0x0000000011fa0000,0x00000000123b0000] byte_map_base: 0x0000000011ba0000

Marking Bits: (ParMarkBitMap*) 0x000000005b662d00
 Begin Bits: [0x0000000012c60000, 0x0000000014c60000)
 End Bits:   [0x0000000014c60000, 0x0000000016c60000)

Polling page: 0x0000000000b10000

CodeCache: size=245760Kb used=6738Kb max_used=6738Kb free=239022Kb
 bounds [0x0000000002be0000, 0x0000000003280000, 0x0000000011be0000]
 total_blobs=2225 nmethods=1622 adapters=515
 compilation: enabled

Compilation events (10 events):
Event: 1.286 Thread 0x0000000017a5d800 1622       3       java.util.Properties::getProperty (46 bytes)
Event: 1.286 Thread 0x0000000017a5d800 nmethod 1622 0x0000000003272d90 code [0x0000000003272f20, 0x0000000003273438]
Event: 1.286 Thread 0x0000000017a5d800 1623       3       sun.nio.cs.UTF_8$Encoder::encode (359 bytes)
Event: 1.287 Thread 0x0000000017a5d800 nmethod 1623 0x0000000003273d50 code [0x0000000003273f40, 0x0000000003274aa8]
Event: 1.289 Thread 0x0000000017a5d800 1624       3       jdk.internal.org.objectweb.asm.Item::<init> (5 bytes)
Event: 1.289 Thread 0x0000000017a5d800 nmethod 1624 0x00000000032729d0 code [0x0000000003272b20, 0x0000000003272cd0]
Event: 1.289 Thread 0x0000000017a5d800 1625       3       jdk.internal.org.objectweb.asm.MethodWriter::visitAnnotation (82 bytes)
Event: 1.289 Thread 0x0000000017a5d800 nmethod 1625 0x0000000003271dd0 code [0x0000000003271fa0, 0x0000000003272678]
Event: 1.290 Thread 0x0000000017a5d800 1626       3       sun.nio.fs.WindowsPathParser::isSlash (18 bytes)
Event: 1.290 Thread 0x0000000017a5d800 nmethod 1626 0x0000000003268510 code [0x0000000003268660, 0x0000000003268830]

GC Heap History (10 events):
Event: 0.609 GC heap before
{Heap before GC invocations=2 (full 0):
 PSYoungGen      total 37888K, used 37766K [0x00000000d5580000, 0x00000000d7f80000, 0x0000000100000000)
  eden space 32768K, 100% used [0x00000000d5580000,0x00000000d7580000,0x00000000d7580000)
  from space 5120K, 97% used [0x00000000d7580000,0x00000000d7a61810,0x00000000d7a80000)
  to   space 5120K, 0% used [0x00000000d7a80000,0x00000000d7a80000,0x00000000d7f80000)
 ParOldGen       total 86016K, used 8K [0x0000000080000000, 0x0000000085400000, 0x00000000d5580000)
  object space 86016K, 0% used [0x0000000080000000,0x0000000080002000,0x0000000085400000)
 Metaspace       used 9918K, capacity 10038K, committed 10240K, reserved 1058816K
  class space    used 1115K, capacity 1169K, committed 1280K, reserved 1048576K
Event: 0.612 GC heap after
Heap after GC invocations=2 (full 0):
 PSYoungGen      total 37888K, used 5088K [0x00000000d5580000, 0x00000000d7f80000, 0x0000000100000000)
  eden space 32768K, 0% used [0x00000000d5580000,0x00000000d5580000,0x00000000d7580000)
  from space 5120K, 99% used [0x00000000d7a80000,0x00000000d7f78328,0x00000000d7f80000)
  to   space 5120K, 0% used [0x00000000d7580000,0x00000000d7580000,0x00000000d7a80000)
 ParOldGen       total 86016K, used 247K [0x0000000080000000, 0x0000000085400000, 0x00000000d5580000)
  object space 86016K, 0% used [0x0000000080000000,0x000000008003ded0,0x0000000085400000)
 Metaspace       used 9918K, capacity 10038K, committed 10240K, reserved 1058816K
  class space    used 1115K, capacity 1169K, committed 1280K, reserved 1048576K
}
Event: 0.739 GC heap before
{Heap before GC invocations=3 (full 0):
 PSYoungGen      total 37888K, used 37856K [0x00000000d5580000, 0x00000000d7f80000, 0x0000000100000000)
  eden space 32768K, 100% used [0x00000000d5580000,0x00000000d7580000,0x00000000d7580000)
  from space 5120K, 99% used [0x00000000d7a80000,0x00000000d7f78328,0x00000000d7f80000)
  to   space 5120K, 0% used [0x00000000d7580000,0x00000000d7580000,0x00000000d7a80000)
 ParOldGen       total 86016K, used 247K [0x0000000080000000, 0x0000000085400000, 0x00000000d5580000)
  object space 86016K, 0% used [0x0000000080000000,0x000000008003ded0,0x0000000085400000)
 Metaspace       used 11248K, capacity 11378K, committed 11520K, reserved 1058816K
  class space    used 1241K, capacity 1272K, committed 1280K, reserved 1048576K
Event: 0.742 GC heap after
Heap after GC invocations=3 (full 0):
 PSYoungGen      total 37888K, used 5115K [0x00000000d5580000, 0x00000000d7f80000, 0x0000000100000000)
  eden space 32768K, 0% used [0x00000000d5580000,0x00000000d5580000,0x00000000d7580000)
  from space 5120K, 99% used [0x00000000d7580000,0x00000000d7a7ec68,0x00000000d7a80000)
  to   space 5120K, 0% used [0x00000000d7a80000,0x00000000d7a80000,0x00000000d7f80000)
 ParOldGen       total 86016K, used 808K [0x0000000080000000, 0x0000000085400000, 0x00000000d5580000)
  object space 86016K, 0% used [0x0000000080000000,0x00000000800ca280,0x0000000085400000)
 Metaspace       used 11248K, capacity 11378K, committed 11520K, reserved 1058816K
  class space    used 1241K, capacity 1272K, committed 1280K, reserved 1048576K
}
Event: 0.924 GC heap before
{Heap before GC invocations=4 (full 0):
 PSYoungGen      total 37888K, used 29269K [0x00000000d5580000, 0x00000000d7f80000, 0x0000000100000000)
  eden space 32768K, 73% used [0x00000000d5580000,0x00000000d6d167c8,0x00000000d7580000)
  from space 5120K, 99% used [0x00000000d7580000,0x00000000d7a7ec68,0x00000000d7a80000)
  to   space 5120K, 0% used [0x00000000d7a80000,0x00000000d7a80000,0x00000000d7f80000)
 ParOldGen       total 86016K, used 808K [0x0000000080000000, 0x0000000085400000, 0x00000000d5580000)
  object space 86016K, 0% used [0x0000000080000000,0x00000000800ca280,0x0000000085400000)
 Metaspace       used 15270K, capacity 15418K, committed 15616K, reserved 1067008K
  class space    used 1626K, capacity 1707K, committed 1792K, reserved 1048576K
Event: 0.928 GC heap after
Heap after GC invocations=4 (full 0):
 PSYoungGen      total 37888K, used 5089K [0x00000000d5580000, 0x00000000d7f80000, 0x0000000100000000)
  eden space 32768K, 0% used [0x00000000d5580000,0x00000000d5580000,0x00000000d7580000)
  from space 5120K, 99% used [0x00000000d7a80000,0x00000000d7f785e8,0x00000000d7f80000)
  to   space 5120K, 0% used [0x00000000d7580000,0x00000000d7580000,0x00000000d7a80000)
 ParOldGen       total 86016K, used 2769K [0x0000000080000000, 0x0000000085400000, 0x00000000d5580000)
  object space 86016K, 3% used [0x0000000080000000,0x00000000802b4580,0x0000000085400000)
 Metaspace       used 15270K, capacity 15418K, committed 15616K, reserved 1067008K
  class space    used 1626K, capacity 1707K, committed 1792K, reserved 1048576K
}
Event: 0.928 GC heap before
{Heap before GC invocations=5 (full 1):
 PSYoungGen      total 37888K, used 5089K [0x00000000d5580000, 0x00000000d7f80000, 0x0000000100000000)
  eden space 32768K, 0% used [0x00000000d5580000,0x00000000d5580000,0x00000000d7580000)
  from space 5120K, 99% used [0x00000000d7a80000,0x00000000d7f785e8,0x00000000d7f80000)
  to   space 5120K, 0% used [0x00000000d7580000,0x00000000d7580000,0x00000000d7a80000)
 ParOldGen       total 86016K, used 2769K [0x0000000080000000, 0x0000000085400000, 0x00000000d5580000)
  object space 86016K, 3% used [0x0000000080000000,0x00000000802b4580,0x0000000085400000)
 Metaspace       used 15270K, capacity 15418K, committed 15616K, reserved 1067008K
  class space    used 1626K, capacity 1707K, committed 1792K, reserved 1048576K
Event: 0.944 GC heap after
Heap after GC invocations=5 (full 1):
 PSYoungGen      total 37888K, used 0K [0x00000000d5580000, 0x00000000d7f80000, 0x0000000100000000)
  eden space 32768K, 0% used [0x00000000d5580000,0x00000000d5580000,0x00000000d7580000)
  from space 5120K, 0% used [0x00000000d7a80000,0x00000000d7a80000,0x00000000d7f80000)
  to   space 5120K, 0% used [0x00000000d7580000,0x00000000d7580000,0x00000000d7a80000)
 ParOldGen       total 58880K, used 6958K [0x0000000080000000, 0x0000000083980000, 0x00000000d5580000)
  object space 58880K, 11% used [0x0000000080000000,0x00000000806cb908,0x0000000083980000)
 Metaspace       used 15270K, capacity 15418K, committed 15616K, reserved 1064960K
  class space    used 1626K, capacity 1707K, committed 1792K, reserved 1048576K
}
Event: 1.140 GC heap before
{Heap before GC invocations=6 (full 1):
 PSYoungGen      total 37888K, used 32768K [0x00000000d5580000, 0x00000000d7f80000, 0x0000000100000000)
  eden space 32768K, 100% used [0x00000000d5580000,0x00000000d7580000,0x00000000d7580000)
  from space 5120K, 0% used [0x00000000d7a80000,0x00000000d7a80000,0x00000000d7f80000)
  to   space 5120K, 0% used [0x00000000d7580000,0x00000000d7580000,0x00000000d7a80000)
 ParOldGen       total 58880K, used 6958K [0x0000000080000000, 0x0000000083980000, 0x00000000d5580000)
  object space 58880K, 11% used [0x0000000080000000,0x00000000806cb908,0x0000000083980000)
 Metaspace       used 18209K, capacity 18506K, committed 18816K, reserved 1067008K
  class space    used 2060K, capacity 2139K, committed 2176K, reserved 1048576K
Event: 1.142 GC heap after
Heap after GC invocations=6 (full 1):
 PSYoungGen      total 37888K, used 2743K [0x00000000d5580000, 0x00000000d9480000, 0x0000000100000000)
  eden space 32768K, 0% used [0x00000000d5580000,0x00000000d5580000,0x00000000d7580000)
  from space 5120K, 53% used [0x00000000d7580000,0x00000000d782dee0,0x00000000d7a80000)
  to   space 8192K, 0% used [0x00000000d8c80000,0x00000000d8c80000,0x00000000d9480000)
 ParOldGen       total 58880K, used 7030K [0x0000000080000000, 0x0000000083980000, 0x00000000d5580000)
  object space 58880K, 11% used [0x0000000080000000,0x00000000806dd918,0x0000000083980000)
 Metaspace       used 18209K, capacity 18506K, committed 18816K, reserved 1067008K
  class space    used 2060K, capacity 2139K, committed 2176K, reserved 1048576K
}

Deoptimization events (10 events):
Event: 0.948 Thread 0x0000000002aef000 Uncommon trap: reason=unstable_if action=reinterpret pc=0x0000000002eb2c40 method=java.util.BitSet.get(I)Z @ 60
Event: 1.080 Thread 0x0000000002aef000 Uncommon trap: reason=class_check action=maybe_recompile pc=0x0000000002e3fa2c method=java.io.BufferedInputStream.read([BII)I @ 101
Event: 1.087 Thread 0x0000000002aef000 Uncommon trap: reason=unstable_if action=reinterpret pc=0x0000000002e3f868 method=java.io.DataInputStream.readUTF(Ljava/io/DataInput;)Ljava/lang/String; @ 31
Event: 1.097 Thread 0x0000000002aef000 Uncommon trap: reason=unstable_if action=reinterpret pc=0x0000000002f07ea4 method=sun.misc.URLClassPath$FileLoader.getResource(Ljava/lang/String;Z)Lsun/misc/Resource; @ 139
Event: 1.099 Thread 0x0000000002aef000 Uncommon trap: reason=unstable_if action=reinterpret pc=0x00000000031ca148 method=java.util.concurrent.ConcurrentHashMap.putVal(Ljava/lang/Object;Ljava/lang/Object;Z)Ljava/lang/Object; @ 181
Event: 1.115 Thread 0x0000000002aef000 Uncommon trap: reason=unstable_if action=reinterpret pc=0x000000000319754c method=java.lang.ThreadLocal$ThreadLocalMap.getEntry(Ljava/lang/ThreadLocal;)Ljava/lang/ThreadLocal$ThreadLocalMap$Entry; @ 29
Event: 1.180 Thread 0x0000000002aef000 Uncommon trap: reason=unstable_if action=reinterpret pc=0x0000000002fcf158 method=java.lang.reflect.Method.equals(Ljava/lang/Object;)Z @ 49
Event: 1.250 Thread 0x0000000002aef000 Uncommon trap: reason=unstable_if action=reinterpret pc=0x0000000002e1b048 method=java.io.WinNTFileSystem.normalize(Ljava/lang/String;II)Ljava/lang/String; @ 8
Event: 1.286 Thread 0x0000000002aef000 Uncommon trap: reason=unstable_if action=reinterpret pc=0x0000000002d72f98 method=sun.nio.cs.UTF_8$Encoder.encode([CII[B)I @ 33
Event: 1.293 Thread 0x0000000002aef000 Uncommon trap: reason=predicate action=maybe_recompile pc=0x00000000031b5964 method=java.lang.String.regionMatches(ZILjava/lang/String;II)Z @ 63

Classes redefined (0 events):
No events

Internal exceptions (10 events):
Event: 1.179 Thread 0x0000000002aef000 Exception <a 'java/lang/ClassNotFoundException': org/codehaus/groovy/ast/ASTNodeBeanInfo> (0x00000000d5b98630) thrown at [C:\re\workspace\8-2-build-windows-amd64-cygwin\jdk8u181\11358\hotspot\src\share\vm\classfile\systemDictionary.cpp, line 210]
Event: 1.179 Thread 0x0000000002aef000 Exception <a 'java/lang/ClassNotFoundException': org/codehaus/groovy/ast/ASTNodeCustomizer> (0x00000000d5bc34d8) thrown at [C:\re\workspace\8-2-build-windows-amd64-cygwin\jdk8u181\11358\hotspot\src\share\vm\classfile\systemDictionary.cpp, line 210]
Event: 1.180 Thread 0x0000000002aef000 Exception <a 'java/lang/ClassNotFoundException': org/codehaus/groovy/ast/AnnotationNodeCustomizer> (0x00000000d5c035a0) thrown at [C:\re\workspace\8-2-build-windows-amd64-cygwin\jdk8u181\11358\hotspot\src\share\vm\classfile\systemDictionary.cpp, line 210]
Event: 1.185 Thread 0x0000000002aef000 Exception <a 'java/lang/ClassNotFoundException': com/kms/katalon/core/testcase/TestCaseBindingBeanInfo> (0x00000000d5cafad8) thrown at [C:\re\workspace\8-2-build-windows-amd64-cygwin\jdk8u181\11358\hotspot\src\share\vm\classfile\systemDictionary.cpp, line
Event: 1.186 Thread 0x0000000002aef000 Exception <a 'java/lang/ClassNotFoundException': com/kms/katalon/core/testcase/TestCaseBindingCustomizer> (0x00000000d5ce3828) thrown at [C:\re\workspace\8-2-build-windows-amd64-cygwin\jdk8u181\11358\hotspot\src\share\vm\classfile\systemDictionary.cpp, li
Event: 1.187 Thread 0x0000000002aef000 Exception <a 'java/lang/ClassNotFoundException': com/kms/katalon/core/model/FailureHandlingBeanInfo> (0x00000000d5d3aa80) thrown at [C:\re\workspace\8-2-build-windows-amd64-cygwin\jdk8u181\11358\hotspot\src\share\vm\classfile\systemDictionary.cpp, line 21
Event: 1.188 Thread 0x0000000002aef000 Exception <a 'java/lang/ClassNotFoundException': java/lang/EnumBeanInfo> (0x00000000d5d50368) thrown at [C:\re\workspace\8-2-build-windows-amd64-cygwin\jdk8u181\11358\hotspot\src\share\vm\classfile\systemDictionary.cpp, line 210]
Event: 1.188 Thread 0x0000000002aef000 Exception <a 'java/lang/ClassNotFoundException': java/lang/EnumCustomizer> (0x00000000d5d66830) thrown at [C:\re\workspace\8-2-build-windows-amd64-cygwin\jdk8u181\11358\hotspot\src\share\vm\classfile\systemDictionary.cpp, line 210]
Event: 1.189 Thread 0x0000000002aef000 Exception <a 'java/lang/ClassNotFoundException': com/kms/katalon/core/model/FailureHandlingCustomizer> (0x00000000d5da0368) thrown at [C:\re\workspace\8-2-build-windows-amd64-cygwin\jdk8u181\11358\hotspot\src\share\vm\classfile\systemDictionary.cpp, line 
Event: 1.283 Thread 0x0000000002aef000 Exception <a 'java/lang/NoSuchMethodError': org.slf4j.impl.StaticMDCBinder.getSingleton()Lorg/slf4j/impl/StaticMDCBinder;> (0x00000000d6202110) thrown at [C:\re\workspace\8-2-build-windows-amd64-cygwin\jdk8u181\11358\hotspot\src\share\vm\interpreter\linkR

Events (10 events):
Event: 1.293 Thread 0x0000000002aef000 DEOPT PACKING pc=0x00000000031b5964 sp=0x0000000002adc450
Event: 1.293 Thread 0x0000000002aef000 DEOPT UNPACKING pc=0x0000000002c2583b sp=0x0000000002adc3e0 mode 2
Event: 1.293 loading class java/net/InetAddress$2
Event: 1.293 loading class sun/net/spi/nameservice/NameService
Event: 1.293 loading class sun/net/spi/nameservice/NameService done
Event: 1.293 loading class java/net/InetAddress$2 done
Event: 1.293 loading class java/net/Inet4Address
Event: 1.293 loading class java/net/Inet4Address done
Event: 1.293 loading class java/net/Inet6Address
Event: 1.293 loading class java/net/Inet6Address done


Dynamic libraries:
0x00007ff76de80000 - 0x00007ff76deb7000 	D:\Utilisateurs\samandari\QA\Outils\Katalon_Studio_Windows_64-7.7.1\jre\bin\javaw.exe
0x00007ff9c7240000 - 0x00007ff9c742d000 	C:\WINDOWS\SYSTEM32\ntdll.dll
0x00007ff9c4aa0000 - 0x00007ff9c4b53000 	C:\WINDOWS\System32\KERNEL32.DLL
0x00007ff9c41c0000 - 0x00007ff9c4455000 	C:\WINDOWS\System32\KERNELBASE.dll
0x000000005d100000 - 0x000000005d1a6000 	C:\WINDOWS\System32\SYSFER.DLL
0x00007ff9c45e0000 - 0x00007ff9c4683000 	C:\WINDOWS\System32\ADVAPI32.dll
0x00007ff9c5330000 - 0x00007ff9c53ce000 	C:\WINDOWS\System32\msvcrt.dll
0x00007ff9c53d0000 - 0x00007ff9c546e000 	C:\WINDOWS\System32\sechost.dll
0x00007ff9c4860000 - 0x00007ff9c4982000 	C:\WINDOWS\System32\RPCRT4.dll
0x00007ff9c4e90000 - 0x00007ff9c5027000 	C:\WINDOWS\System32\USER32.dll
0x00007ff9c3cc0000 - 0x00007ff9c3ce0000 	C:\WINDOWS\System32\win32u.dll
0x00007ff9c4690000 - 0x00007ff9c46b9000 	C:\WINDOWS\System32\GDI32.dll
0x00007ff9c4020000 - 0x00007ff9c41bc000 	C:\WINDOWS\System32\gdi32full.dll
0x00007ff9c3c20000 - 0x00007ff9c3cc0000 	C:\WINDOWS\System32\msvcp_win.dll
0x00007ff9c3b20000 - 0x00007ff9c3c1a000 	C:\WINDOWS\System32\ucrtbase.dll
0x00007ff9b8780000 - 0x00007ff9b89f9000 	C:\WINDOWS\WinSxS\amd64_microsoft.windows.common-controls_6595b64144ccf1df_6.0.17763.1577_none_de7444545348a3d0\COMCTL32.dll
0x00007ff9c4b60000 - 0x00007ff9c4e8d000 	C:\WINDOWS\System32\combase.dll
0x00007ff9c3340000 - 0x00007ff9c33be000 	C:\WINDOWS\System32\bcryptPrimitives.dll
0x00007ff9c4830000 - 0x00007ff9c485e000 	C:\WINDOWS\System32\IMM32.DLL
0x000000005a4d0000 - 0x000000005a5a2000 	D:\Utilisateurs\samandari\QA\Outils\Katalon_Studio_Windows_64-7.7.1\jre\bin\msvcr100.dll
0x000000005ae40000 - 0x000000005b6e2000 	D:\Utilisateurs\samandari\QA\Outils\Katalon_Studio_Windows_64-7.7.1\jre\bin\server\jvm.dll
0x00007ff9c7000000 - 0x00007ff9c7008000 	C:\WINDOWS\System32\PSAPI.DLL
0x00007ff9b3890000 - 0x00007ff9b3899000 	C:\WINDOWS\SYSTEM32\WSOCK32.dll
0x00007ff9c5210000 - 0x00007ff9c527d000 	C:\WINDOWS\System32\WS2_32.dll
0x00007ff9b86a0000 - 0x00007ff9b86c4000 	C:\WINDOWS\SYSTEM32\WINMM.dll
0x00007ff9ba300000 - 0x00007ff9ba30a000 	C:\WINDOWS\SYSTEM32\VERSION.dll
0x00007ff9b8670000 - 0x00007ff9b869d000 	C:\WINDOWS\SYSTEM32\WINMMBASE.dll
0x00007ff9c32f0000 - 0x00007ff9c333a000 	C:\WINDOWS\System32\cfgmgr32.dll
0x000000005ce00000 - 0x000000005ce0f000 	D:\Utilisateurs\samandari\QA\Outils\Katalon_Studio_Windows_64-7.7.1\jre\bin\verify.dll
0x000000005cdd0000 - 0x000000005cdf9000 	D:\Utilisateurs\samandari\QA\Outils\Katalon_Studio_Windows_64-7.7.1\jre\bin\java.dll
0x000000005c4f0000 - 0x000000005c506000 	D:\Utilisateurs\samandari\QA\Outils\Katalon_Studio_Windows_64-7.7.1\jre\bin\zip.dll
0x00007ff9c5950000 - 0x00007ff9c6e49000 	C:\WINDOWS\System32\SHELL32.dll
0x00007ff9c49f0000 - 0x00007ff9c4a98000 	C:\WINDOWS\System32\shcore.dll
0x00007ff9c33c0000 - 0x00007ff9c3b13000 	C:\WINDOWS\System32\windows.storage.dll
0x00007ff9c32c0000 - 0x00007ff9c32e4000 	C:\WINDOWS\System32\profapi.dll
0x00007ff9c3220000 - 0x00007ff9c327d000 	C:\WINDOWS\System32\powrprof.dll
0x00007ff9c5470000 - 0x00007ff9c54c2000 	C:\WINDOWS\System32\shlwapi.dll
0x00007ff9c3280000 - 0x00007ff9c3291000 	C:\WINDOWS\System32\kernel.appcore.dll
0x00007ff9c3ce0000 - 0x00007ff9c3cf7000 	C:\WINDOWS\System32\cryptsp.dll
0x000000005c4d0000 - 0x000000005c4ea000 	D:\Utilisateurs\samandari\QA\Outils\Katalon_Studio_Windows_64-7.7.1\jre\bin\net.dll
0x00007ff9c2a90000 - 0x00007ff9c2af7000 	C:\WINDOWS\system32\mswsock.dll
0x000000005c4b0000 - 0x000000005c4c1000 	D:\Utilisateurs\samandari\QA\Outils\Katalon_Studio_Windows_64-7.7.1\jre\bin\nio.dll

VM Arguments:
jvm_args: -Dgroovy.home=/D:/Utilisateurs/samandari/QA/Outils/Katalon_Studio_Windows_64-7.7.1/plugins/org.codehaus.groovy_2.4.7.xx-201611170128-e46/ -Xmx2048m -Dfile.encoding=UTF-8 
java_command: org.codehaus.groovy.tools.GroovyStarter --classpath D:\Utilisateurs\samandari\QA\PROJET AUTOMATISATION\S3\S3\Include\scripts\groovy;D:\Utilisateurs\samandari\QA\PROJET AUTOMATISATION\S3\S3\Keywords;D:\Utilisateurs\samandari\QA\PROJET AUTOMATISATION\S3\S3\Libs;D:\Utilisateurs\samandari\QA\PROJET AUTOMATISATION\S3\S3\Test Listeners;D:\Utilisateurs\samandari\QA\Outils\Katalon_Studio_Windows_64-7.7.1\configuration\org.eclipse.osgi\24\0\.cp\resources\basic-report\katalon-studio-report-plugin.jar;D:\Utilisateurs\samandari\QA\Outils\Katalon_Studio_Windows_64-7.7.1\configuration\resources\lib\aalto-xml-1.0.0.jar;D:\Utilisateurs\samandari\QA\Outils\Katalon_Studio_Windows_64-7.7.1\configuration\resources\lib\aspectjweaver-1.9.1.jar;D:\Utilisateurs\samandari\QA\Outils\Katalon_Studio_Windows_64-7.7.1\configuration\resources\lib\bcpkix-jdk15on-1.58.jar;D:\Utilisateurs\samandari\QA\Outils\Katalon_Studio_Windows_64-7.7.1\configuration\resources\lib\bcprov-jdk15on-1.58.jar;D:\Utilisateurs\samandari\QA\Outils\Katalon_Studio_Windows_64-7.7.1\configuration\resources\lib\browsermob-core-2.1.5.jar;D:\Utilisateurs\samandari\QA\Outils\Katalon_Studio_Windows_64-7.7.1\configuration\resources\lib\cglib-3.2.10.jar;D:\Utilisateurs\samandari\QA\Outils\Katalon_Studio_Windows_64-7.7.1\configuration\resources\lib\commons-codec-1.10.jar;D:\Utilisateurs\samandari\QA\Outils\Katalon_Studio_Windows_64-7.7.1\configuration\resources\lib\commons-collections4-4.1.jar;D:\Utilisateurs\samandari\QA\Outils\Katalon_Studio_Windows_64-7.7.1\configuration\resources\lib\commons-validator-1.6.jar;D:\Utilisateurs\samandari\QA\Outils\Katalon_Studio_Windows_64-7.7.1\configuration\resources\lib\curvesapi-1.04.jar;D:\Utilisateurs\samandari\QA\Outils\Katalon_Studio_Windows_64-7.7.1\configuration\resources\lib\dnsjava-2.1.8.jar;D:\Utilisateurs\samandari\QA\Outils\Katalon_Studio_Windows_64-7.7.1\configuration\resources\lib\java-client-7.0.0.jar;D:\Utilisateurs\samandari\QA\Outils\Katalon_Studio_Windows_64-7.
java_class_path (initial): D:\Utilisateurs\samandari\QA\PROJET AUTOMATISATION\S3\S3\bin\keyword;D:\Utilisateurs\samandari\QA\PROJET AUTOMATISATION\S3\S3\bin\listener;D:\Utilisateurs\samandari\QA\PROJET AUTOMATISATION\S3\S3\bin\lib;D:\Utilisateurs\samandari\QA\PROJET AUTOMATISATION\S3\S3\bin\groovy;D:\Utilisateurs\samandari\QA\PROJET AUTOMATISATION\S3\S3\bin;D:\Utilisateurs\samandari\QA\Outils\Katalon_Studio_Windows_64-7.7.1\plugins\com.kms.katalon.core_1.0.0.202009220546.jar;D:\Utilisateurs\samandari\QA\Outils\Katalon_Studio_Windows_64-7.7.1\configuration\resources\lib\aalto-xml-1.0.0.jar;D:\Utilisateurs\samandari\QA\Outils\Katalon_Studio_Windows_64-7.7.1\configuration\resources\lib\aspectjweaver-1.9.1.jar;D:\Utilisateurs\samandari\QA\Outils\Katalon_Studio_Windows_64-7.7.1\configuration\resources\lib\bcpkix-jdk15on-1.58.jar;D:\Utilisateurs\samandari\QA\Outils\Katalon_Studio_Windows_64-7.7.1\configuration\resources\lib\bcprov-jdk15on-1.58.jar;D:\Utilisateurs\samandari\QA\Outils\Katalon_Studio_Windows_64-7.7.1\configuration\resources\lib\browsermob-core-2.1.5.jar;D:\Utilisateurs\samandari\QA\Outils\Katalon_Studio_Windows_64-7.7.1\configuration\resources\lib\cglib-3.2.10.jar;D:\Utilisateurs\samandari\QA\Outils\Katalon_Studio_Windows_64-7.7.1\configuration\resources\lib\commons-codec-1.10.jar;D:\Utilisateurs\samandari\QA\Outils\Katalon_Studio_Windows_64-7.7.1\configuration\resources\lib\commons-collections4-4.1.jar;D:\Utilisateurs\samandari\QA\Outils\Katalon_Studio_Windows_64-7.7.1\configuration\resources\lib\commons-validator-1.6.jar;D:\Utilisateurs\samandari\QA\Outils\Katalon_Studio_Windows_64-7.7.1\configuration\resources\lib\curvesapi-1.04.jar;D:\Utilisateurs\samandari\QA\Outils\Katalon_Studio_Windows_64-7.7.1\configuration\resources\lib\dnsjava-2.1.8.jar;D:\Utilisateurs\samandari\QA\Outils\Katalon_Studio_Windows_64-7.7.1\configuration\resources\lib\java-client-7.0.0.jar;D:\Utilisateurs\samandari\QA\Outils\Katalon_Studio_Windows_64-7.7.1\configuration\resources\li
Launcher Type: SUN_STANDARD

Environment Variables:
JAVA_HOME=C:\Program Files\Java\jdk1.8.0_281
PATH=D:/Utilisateurs/samandari/QA/Outils/Katalon_Studio_Windows_64-7.7.1/jre/bin/server;D:/Utilisateurs/samandari/QA/Outils/Katalon_Studio_Windows_64-7.7.1/jre/bin;D:/Utilisateurs/samandari/QA/Outils/Katalon_Studio_Windows_64-7.7.1/jre/lib/amd64;C:\Program Files (x86)\Common Files\Oracle\Java\javapath;C:\ProgramData\Oracle\Java\javapath;C:\Python27\;C:\Python27\Scripts;C:\WINDOWS\system32;C:\WINDOWS;C:\WINDOWS\System32\Wbem;C:\WINDOWS\System32\WindowsPowerShell\v1.0\;C:\Program Files\PuTTY\;C:\Program Files\Git\cmd;C:\ProgramData\chocolatey\bin;C:\Program Files\Java\jdk1.8.0_281\bin;C:\Program Files\nodejs\;D:\Utilisateurs\samandari\AppData\Local\Microsoft\WindowsApps;D:\Utilisateurs\samandari\AppData\Roaming\npm;D:\Utilisateurs\samandari\QA\Outils\Katalon_Studio_Windows_64-7.7.1;
USERNAME=samandari
OS=Windows_NT
PROCESSOR_IDENTIFIER=Intel64 Family 6 Model 158 Stepping 10, GenuineIntel



---------------  S Y S T E M  ---------------

OS: Windows 10.0 , 64 bit Build 17763 (10.0.17763.475)

CPU:total 6 (initial active 6) (6 cores per cpu, 1 threads per core) family 6 model 158 stepping 10, cmov, cx8, fxsr, mmx, sse, sse2, sse3, ssse3, sse4.1, sse4.2, popcnt, avx, avx2, aes, clmul, erms, rtm, 3dnowpref, lzcnt, tsc, tscinvbit, bmi1, bmi2, adx

Memory: 4k page, physical 8236320k(537452k free), swap 20720924k(5456k free)

vm_info: Java HotSpot(TM) 64-Bit Server VM (25.181-b13) for windows-amd64 JRE (1.8.0_181-b13), built on Jul  7 2018 04:01:33 by "java_re" with MS VC++ 10.0 (VS2010)

time: Fri Apr 30 16:58:40 2021
elapsed time: 1 seconds (0d 0h 0m 1s)

