#
# There is insufficient memory for the Java Runtime Environment to continue.
# Native memory allocation (malloc) failed to allocate 32744 bytes for ChunkPool::allocate
# Possible reasons:
#   The system is out of physical RAM or swap space
#   In 32 bit mode, the process size limit was hit
# Possible solutions:
#   Reduce memory load on the system
#   Increase physical memory or swap space
#   Check if swap backing store is full
#   Use 64 bit Java on a 64 bit OS
#   Decrease Java heap size (-Xmx/-Xms)
#   Decrease number of Java threads
#   Decrease Java thread stack sizes (-Xss)
#   Set larger code cache with -XX:ReservedCodeCacheSize=
# This output file may be truncated or incomplete.
#
#  Out of Memory Error (allocation.cpp:273), pid=13840, tid=0x0000000000003280
#
# JRE version: Java(TM) SE Runtime Environment (8.0_181-b13) (build 1.8.0_181-b13)
# Java VM: Java HotSpot(TM) 64-Bit Server VM (25.181-b13 mixed mode windows-amd64 compressed oops)
# Failed to write core dump. Minidumps are not enabled by default on client versions of Windows
#

---------------  T H R E A D  ---------------

Current thread (0x0000000019624800):  JavaThread "C1 CompilerThread2" daemon [_thread_in_native, id=12928, stack(0x0000000019a20000,0x0000000019b20000)]

Stack: [0x0000000019a20000,0x0000000019b20000]
[error occurred during error reporting (printing stack bounds), id 0xc0000005]

Native frames: (J=compiled Java code, j=interpreted, Vv=VM code, C=native code)


Current CompileTask:
C1:  15935 4215       3       java.util.regex.Matcher::appendReplacement (571 bytes)


---------------  P R O C E S S  ---------------

Java Threads: ( => current thread )
  0x000000001b893800 JavaThread "Okio Watchdog" daemon [_thread_blocked, id=3840, stack(0x0000000021580000,0x0000000021680000)]
  0x000000001bc4c000 JavaThread "OkHttp ConnectionPool" daemon [_thread_blocked, id=33592, stack(0x0000000021480000,0x0000000021580000)]
  0x000000001e375800 JavaThread "ForkJoinPool.commonPool-worker-3" daemon [_thread_blocked, id=23016, stack(0x0000000021180000,0x0000000021280000)]
  0x000000001be17800 JavaThread "ForkJoinPool.commonPool-worker-1" daemon [_thread_blocked, id=6880, stack(0x0000000020f80000,0x0000000021080000)]
  0x000000001b98b800 JavaThread "Exec Stream Pumper" daemon [_thread_in_native, id=15368, stack(0x0000000020d80000,0x0000000020e80000)]
  0x000000001c415000 JavaThread "Exec Stream Pumper" daemon [_thread_in_native, id=12996, stack(0x0000000020c80000,0x0000000020d80000)]
  0x000000001c410000 JavaThread "UrlChecker-2" daemon [_thread_blocked, id=34528, stack(0x0000000020a80000,0x0000000020b80000)]
  0x000000001bb90000 JavaThread "Exec Default Executor" daemon [_thread_in_native, id=27600, stack(0x000000001c6c0000,0x000000001c7c0000)]
  0x0000000019699000 JavaThread "Service Thread" daemon [_thread_blocked, id=18648, stack(0x0000000019b20000,0x0000000019c20000)]
=>0x0000000019624800 JavaThread "C1 CompilerThread2" daemon [_thread_in_native, id=12928, stack(0x0000000019a20000,0x0000000019b20000)]
  0x0000000017799800 JavaThread "C2 CompilerThread1" daemon [_thread_in_native, id=528, stack(0x0000000019520000,0x0000000019620000)]
  0x0000000017797800 JavaThread "C2 CompilerThread0" daemon [_thread_in_native, id=21840, stack(0x0000000019420000,0x0000000019520000)]
  0x0000000017794800 JavaThread "Attach Listener" daemon [_thread_blocked, id=32216, stack(0x0000000019320000,0x0000000019420000)]
  0x0000000017793800 JavaThread "Signal Dispatcher" daemon [_thread_blocked, id=34304, stack(0x0000000019220000,0x0000000019320000)]
  0x000000001777a000 JavaThread "Finalizer" daemon [_thread_blocked, id=21524, stack(0x0000000019000000,0x0000000019100000)]
  0x0000000017770800 JavaThread "Reference Handler" daemon [_thread_blocked, id=23128, stack(0x0000000018f00000,0x0000000019000000)]
  0x000000000282f000 JavaThread "Forwarding isElementDisplayed on session 2557dc1d095bbfec5397d8437cfa21c1 to remote" [_thread_in_native, id=27692, stack(0x00000000026e0000,0x00000000027e0000)]

Other Threads:
  0x000000001774a800 VMThread [stack: 0x0000000018e00000,0x0000000018f00000] [id=8712]
  0x00000000196f2800 WatcherThread [stack: 0x0000000019c20000,0x0000000019d20000] [id=21020]

VM state:not at safepoint (normal execution)

VM Mutex/Monitor currently owned by a thread: None

Heap:
 PSYoungGen      total 264704K, used 263271K [0x00000000d5580000, 0x00000000e7300000, 0x0000000100000000)
  eden space 254464K, 99% used [0x00000000d5580000,0x00000000e4c9da28,0x00000000e4e00000)
  from space 10240K, 99% used [0x00000000e4e00000,0x00000000e57fc2a8,0x00000000e5800000)
  to   space 11776K, 0% used [0x00000000e6780000,0x00000000e6780000,0x00000000e7300000)
 ParOldGen       total 62976K, used 13773K [0x0000000080000000, 0x0000000083d80000, 0x00000000d5580000)
  object space 62976K, 21% used [0x0000000080000000,0x0000000080d73660,0x0000000083d80000)
 Metaspace       used 30650K, capacity 31902K, committed 32256K, reserved 1077248K
  class space    used 3639K, capacity 3976K, committed 4096K, reserved 1048576K

Card table byte_map: [0x0000000011ce0000,0x00000000120f0000] byte_map_base: 0x00000000118e0000

Marking Bits: (ParMarkBitMap*) 0x000000005b662d00
 Begin Bits: [0x00000000129a0000, 0x00000000149a0000)
 End Bits:   [0x00000000149a0000, 0x00000000169a0000)

Polling page: 0x0000000000da0000

CodeCache: size=245760Kb used=14873Kb max_used=14884Kb free=230886Kb
 bounds [0x0000000002920000, 0x00000000037c0000, 0x0000000011920000]
 total_blobs=4427 nmethods=3744 adapters=594
 compilation: enabled

Compilation events (10 events):
Event: 15.910 Thread 0x0000000017797800 nmethod 4211 0x0000000002b91010 code [0x0000000002b91140, 0x0000000002b91198]
Event: 15.910 Thread 0x0000000017799800 nmethod 4212 0x0000000002b82fd0 code [0x0000000002b83120, 0x0000000002b831a8]
Event: 15.923 Thread 0x0000000017797800 4213       4       java.lang.reflect.Method::getGenericInfo (27 bytes)
Event: 15.926 Thread 0x0000000017797800 nmethod 4213 0x00000000037a4e90 code [0x00000000037a5020, 0x00000000037a5488]
Event: 15.931 Thread 0x0000000019624800 4214       3       java.util.regex.Pattern$CharProperty::study (29 bytes)
Event: 15.931 Thread 0x0000000017799800 4216  s    4       java.lang.StringBuffer::append (15 bytes)
Event: 15.931 Thread 0x0000000019624800 nmethod 4214 0x00000000037a4a10 code [0x00000000037a4b80, 0x00000000037a4dc8]
Event: 15.931 Thread 0x0000000019624800 4215       3       java.util.regex.Matcher::appendReplacement (571 bytes)
Event: 15.931 Thread 0x0000000017797800 4217  s    4       java.lang.StringBuffer::append (13 bytes)
Event: 15.933 Thread 0x0000000017797800 nmethod 4217 0x00000000037b6390 code [0x00000000037b64e0, 0x00000000037b67c8]

GC Heap History (10 events):
Event: 1.580 GC heap before
{Heap before GC invocations=6 (full 0):
 PSYoungGen      total 70656K, used 70647K [0x00000000d5580000, 0x00000000de980000, 0x0000000100000000)
  eden space 65536K, 100% used [0x00000000d5580000,0x00000000d9580000,0x00000000d9580000)
  from space 5120K, 99% used [0x00000000d9580000,0x00000000d9a7dcd8,0x00000000d9a80000)
  to   space 10240K, 0% used [0x00000000ddf80000,0x00000000ddf80000,0x00000000de980000)
 ParOldGen       total 86016K, used 8112K [0x0000000080000000, 0x0000000085400000, 0x00000000d5580000)
  object space 86016K, 9% used [0x0000000080000000,0x00000000807ec340,0x0000000085400000)
 Metaspace       used 20591K, capacity 20938K, committed 21120K, reserved 1069056K
  class space    used 2281K, capacity 2374K, committed 2432K, reserved 1048576K
Event: 1.584 GC heap after
Heap after GC invocations=6 (full 0):
 PSYoungGen      total 140288K, used 6578K [0x00000000d5580000, 0x00000000de880000, 0x0000000100000000)
  eden space 131072K, 0% used [0x00000000d5580000,0x00000000d5580000,0x00000000dd580000)
  from space 9216K, 71% used [0x00000000ddf80000,0x00000000de5ec8a8,0x00000000de880000)
  to   space 9728K, 0% used [0x00000000dd580000,0x00000000dd580000,0x00000000ddf00000)
 ParOldGen       total 86016K, used 8120K [0x0000000080000000, 0x0000000085400000, 0x00000000d5580000)
  object space 86016K, 9% used [0x0000000080000000,0x00000000807ee340,0x0000000085400000)
 Metaspace       used 20591K, capacity 20938K, committed 21120K, reserved 1069056K
  class space    used 2281K, capacity 2374K, committed 2432K, reserved 1048576K
}
Event: 1.634 GC heap before
{Heap before GC invocations=7 (full 0):
 PSYoungGen      total 140288K, used 19760K [0x00000000d5580000, 0x00000000de880000, 0x0000000100000000)
  eden space 131072K, 10% used [0x00000000d5580000,0x00000000d625fb00,0x00000000dd580000)
  from space 9216K, 71% used [0x00000000ddf80000,0x00000000de5ec8a8,0x00000000de880000)
  to   space 9728K, 0% used [0x00000000dd580000,0x00000000dd580000,0x00000000ddf00000)
 ParOldGen       total 86016K, used 8120K [0x0000000080000000, 0x0000000085400000, 0x00000000d5580000)
  object space 86016K, 9% used [0x0000000080000000,0x00000000807ee340,0x0000000085400000)
 Metaspace       used 20787K, capacity 21098K, committed 21296K, reserved 1069056K
  class space    used 2299K, capacity 2406K, committed 2432K, reserved 1048576K
Event: 1.644 GC heap after
Heap after GC invocations=7 (full 0):
 PSYoungGen      total 140800K, used 6928K [0x00000000d5580000, 0x00000000e6880000, 0x0000000100000000)
  eden space 131072K, 0% used [0x00000000d5580000,0x00000000d5580000,0x00000000dd580000)
  from space 9728K, 71% used [0x00000000dd580000,0x00000000ddc44010,0x00000000ddf00000)
  to   space 9728K, 0% used [0x00000000e5f00000,0x00000000e5f00000,0x00000000e6880000)
 ParOldGen       total 86016K, used 10245K [0x0000000080000000, 0x0000000085400000, 0x00000000d5580000)
  object space 86016K, 11% used [0x0000000080000000,0x0000000080a01408,0x0000000085400000)
 Metaspace       used 20787K, capacity 21098K, committed 21296K, reserved 1069056K
  class space    used 2299K, capacity 2406K, committed 2432K, reserved 1048576K
}
Event: 1.644 GC heap before
{Heap before GC invocations=8 (full 1):
 PSYoungGen      total 140800K, used 6928K [0x00000000d5580000, 0x00000000e6880000, 0x0000000100000000)
  eden space 131072K, 0% used [0x00000000d5580000,0x00000000d5580000,0x00000000dd580000)
  from space 9728K, 71% used [0x00000000dd580000,0x00000000ddc44010,0x00000000ddf00000)
  to   space 9728K, 0% used [0x00000000e5f00000,0x00000000e5f00000,0x00000000e6880000)
 ParOldGen       total 86016K, used 10245K [0x0000000080000000, 0x0000000085400000, 0x00000000d5580000)
  object space 86016K, 11% used [0x0000000080000000,0x0000000080a01408,0x0000000085400000)
 Metaspace       used 20787K, capacity 21098K, committed 21296K, reserved 1069056K
  class space    used 2299K, capacity 2406K, committed 2432K, reserved 1048576K
Event: 1.695 GC heap after
Heap after GC invocations=8 (full 1):
 PSYoungGen      total 140800K, used 0K [0x00000000d5580000, 0x00000000e6880000, 0x0000000100000000)
  eden space 131072K, 0% used [0x00000000d5580000,0x00000000d5580000,0x00000000dd580000)
  from space 9728K, 0% used [0x00000000dd580000,0x00000000dd580000,0x00000000ddf00000)
  to   space 9728K, 0% used [0x00000000e5f00000,0x00000000e5f00000,0x00000000e6880000)
 ParOldGen       total 62976K, used 13002K [0x0000000080000000, 0x0000000083d80000, 0x00000000d5580000)
  object space 62976K, 20% used [0x0000000080000000,0x0000000080cb2aa0,0x0000000083d80000)
 Metaspace       used 20787K, capacity 21098K, committed 21296K, reserved 1069056K
  class space    used 2299K, capacity 2406K, committed 2432K, reserved 1048576K
}
Event: 2.230 GC heap before
{Heap before GC invocations=9 (full 1):
 PSYoungGen      total 140800K, used 131072K [0x00000000d5580000, 0x00000000e6880000, 0x0000000100000000)
  eden space 131072K, 100% used [0x00000000d5580000,0x00000000dd580000,0x00000000dd580000)
  from space 9728K, 0% used [0x00000000dd580000,0x00000000dd580000,0x00000000ddf00000)
  to   space 9728K, 0% used [0x00000000e5f00000,0x00000000e5f00000,0x00000000e6880000)
 ParOldGen       total 62976K, used 13002K [0x0000000080000000, 0x0000000083d80000, 0x00000000d5580000)
  object space 62976K, 20% used [0x0000000080000000,0x0000000080cb2aa0,0x0000000083d80000)
 Metaspace       used 21764K, capacity 22120K, committed 22448K, reserved 1069056K
  class space    used 2453K, capacity 2552K, committed 2560K, reserved 1048576K
Event: 2.232 GC heap after
Heap after GC invocations=9 (full 1):
 PSYoungGen      total 209408K, used 2592K [0x00000000d5580000, 0x00000000e6200000, 0x0000000100000000)
  eden space 206336K, 0% used [0x00000000d5580000,0x00000000d5580000,0x00000000e1f00000)
  from space 3072K, 84% used [0x00000000e5f00000,0x00000000e6188000,0x00000000e6200000)
  to   space 10240K, 0% used [0x00000000e4e00000,0x00000000e4e00000,0x00000000e5800000)
 ParOldGen       total 62976K, used 13010K [0x0000000080000000, 0x0000000083d80000, 0x00000000d5580000)
  object space 62976K, 20% used [0x0000000080000000,0x0000000080cb4aa0,0x0000000083d80000)
 Metaspace       used 21764K, capacity 22120K, committed 22448K, reserved 1069056K
  class space    used 2453K, capacity 2552K, committed 2560K, reserved 1048576K
}
Event: 8.893 GC heap before
{Heap before GC invocations=10 (full 1):
 PSYoungGen      total 209408K, used 208928K [0x00000000d5580000, 0x00000000e6200000, 0x0000000100000000)
  eden space 206336K, 100% used [0x00000000d5580000,0x00000000e1f00000,0x00000000e1f00000)
  from space 3072K, 84% used [0x00000000e5f00000,0x00000000e6188000,0x00000000e6200000)
  to   space 10240K, 0% used [0x00000000e4e00000,0x00000000e4e00000,0x00000000e5800000)
 ParOldGen       total 62976K, used 13010K [0x0000000080000000, 0x0000000083d80000, 0x00000000d5580000)
  object space 62976K, 20% used [0x0000000080000000,0x0000000080cb4aa0,0x0000000083d80000)
 Metaspace       used 29499K, capacity 30482K, committed 30720K, reserved 1077248K
  class space    used 3547K, capacity 3824K, committed 3840K, reserved 1048576K
Event: 8.902 GC heap after
Heap after GC invocations=10 (full 1):
 PSYoungGen      total 264704K, used 10224K [0x00000000d5580000, 0x00000000e7300000, 0x0000000100000000)
  eden space 254464K, 0% used [0x00000000d5580000,0x00000000d5580000,0x00000000e4e00000)
  from space 10240K, 99% used [0x00000000e4e00000,0x00000000e57fc2a8,0x00000000e5800000)
  to   space 11776K, 0% used [0x00000000e6780000,0x00000000e6780000,0x00000000e7300000)
 ParOldGen       total 62976K, used 13773K [0x0000000080000000, 0x0000000083d80000, 0x00000000d5580000)
  object space 62976K, 21% used [0x0000000080000000,0x0000000080d73660,0x0000000083d80000)
 Metaspace       used 29499K, capacity 30482K, committed 30720K, reserved 1077248K
  class space    used 3547K, capacity 3824K, committed 3840K, reserved 1048576K
}

Deoptimization events (10 events):
Event: 4.741 Thread 0x000000000282f000 Uncommon trap: reason=bimorphic action=maybe_recompile pc=0x000000000338f02c method=java.util.HashMap.putVal(ILjava/lang/Object;Ljava/lang/Object;ZZ)Ljava/lang/Object; @ 203
Event: 4.746 Thread 0x000000000282f000 Uncommon trap: reason=bimorphic action=maybe_recompile pc=0x000000000338f02c method=java.util.HashMap.putVal(ILjava/lang/Object;Ljava/lang/Object;ZZ)Ljava/lang/Object; @ 203
Event: 4.747 Thread 0x000000000282f000 Uncommon trap: reason=bimorphic action=maybe_recompile pc=0x000000000338f02c method=java.util.HashMap.putVal(ILjava/lang/Object;Ljava/lang/Object;ZZ)Ljava/lang/Object; @ 203
Event: 4.747 Thread 0x000000000282f000 Uncommon trap: reason=class_check action=maybe_recompile pc=0x00000000031ce154 method=java.util.HashMap.putVal(ILjava/lang/Object;Ljava/lang/Object;ZZ)Ljava/lang/Object; @ 203
Event: 4.930 Thread 0x000000000282f000 Uncommon trap: reason=unstable_if action=reinterpret pc=0x00000000033929e4 method=java.lang.CharacterDataLatin1.digit(II)I @ 60
Event: 4.933 Thread 0x000000000282f000 Uncommon trap: reason=unstable_if action=reinterpret pc=0x00000000030ec570 method=groovy.lang.MetaClassImpl.checkIfStdMethod(Lgroovy/lang/MetaMethod;)V @ 9
Event: 5.044 Thread 0x000000000282f000 Uncommon trap: reason=bimorphic action=maybe_recompile pc=0x0000000002f730f8 method=java.net.URL.<init>(Ljava/net/URL;Ljava/lang/String;Ljava/net/URLStreamHandler;)V @ 504
Event: 5.773 Thread 0x000000000282f000 Uncommon trap: reason=unstable_if action=reinterpret pc=0x00000000035b0730 method=java.lang.Character.isHighSurrogate(C)Z @ 3
Event: 15.924 Thread 0x000000000282f000 Uncommon trap: reason=class_check action=maybe_recompile pc=0x0000000003391740 method=java.lang.Throwable.<init>(Ljava/lang/String;Ljava/lang/Throwable;)V @ 24
Event: 15.931 Thread 0x000000000282f000 Uncommon trap: reason=unstable_if action=reinterpret pc=0x0000000002e32820 method=java.util.regex.Matcher.appendReplacement(Ljava/lang/StringBuffer;Ljava/lang/String;)Ljava/util/regex/Matcher; @ 47

Classes redefined (0 events):
No events

Internal exceptions (10 events):
Event: 15.876 Thread 0x000000000282f000 Exception <a 'java/net/SocketTimeoutException': Read timed out> (0x00000000e41fe698) thrown at [C:\re\workspace\8-2-build-windows-amd64-cygwin\jdk8u181\11358\hotspot\src\share\vm\prims\jni.cpp, line 735]
Event: 15.895 Thread 0x000000000282f000 Exception <a 'java/lang/ClassNotFoundException': com/kms/katalon/core/webui/driver/DriverFactoryBeanInfo> (0x00000000e42ddd28) thrown at [C:\re\workspace\8-2-build-windows-amd64-cygwin\jdk8u181\11358\hotspot\src\share\vm\classfile\systemDictionary.cpp, li
Event: 15.896 Thread 0x000000000282f000 Exception <a 'java/lang/ClassNotFoundException': com/kms/katalon/core/webui/driver/DriverFactoryCustomizer> (0x00000000e432da18) thrown at [C:\re\workspace\8-2-build-windows-amd64-cygwin\jdk8u181\11358\hotspot\src\share\vm\classfile\systemDictionary.cpp, 
Event: 15.902 Thread 0x000000000282f000 Exception <a 'java/lang/ClassNotFoundException': org/openqa/selenium/support/ui/WebDriverWaitBeanInfo> (0x00000000e43eacc8) thrown at [C:\re\workspace\8-2-build-windows-amd64-cygwin\jdk8u181\11358\hotspot\src\share\vm\classfile\systemDictionary.cpp, line 
Event: 15.903 Thread 0x000000000282f000 Exception <a 'java/lang/ClassNotFoundException': org/openqa/selenium/support/ui/FluentWaitBeanInfo> (0x00000000e4433f90) thrown at [C:\re\workspace\8-2-build-windows-amd64-cygwin\jdk8u181\11358\hotspot\src\share\vm\classfile\systemDictionary.cpp, line 210
Event: 15.904 Thread 0x000000000282f000 Exception <a 'java/lang/ClassNotFoundException': org/openqa/selenium/support/ui/FluentWaitCustomizer> (0x00000000e4480370) thrown at [C:\re\workspace\8-2-build-windows-amd64-cygwin\jdk8u181\11358\hotspot\src\share\vm\classfile\systemDictionary.cpp, line 2
Event: 15.906 Thread 0x000000000282f000 Exception <a 'java/lang/ClassNotFoundException': org/openqa/selenium/support/ui/WebDriverWaitCustomizer> (0x00000000e44e4bf8) thrown at [C:\re\workspace\8-2-build-windows-amd64-cygwin\jdk8u181\11358\hotspot\src\share\vm\classfile\systemDictionary.cpp, lin
Event: 15.917 Thread 0x000000000282f000 Exception <a 'java/lang/NoSuchMethodError': java.lang.Object.lambda$static$0(Ljava/time/Duration;)V> (0x00000000e453e828) thrown at [C:\re\workspace\8-2-build-windows-amd64-cygwin\jdk8u181\11358\hotspot\src\share\vm\interpreter\linkResolver.cpp, line 620]
Event: 15.921 Thread 0x000000000282f000 Exception <a 'java/lang/ClassNotFoundException': org/openqa/selenium/support/ui/ExpectedConditionsBeanInfo> (0x00000000e45d4b38) thrown at [C:\re\workspace\8-2-build-windows-amd64-cygwin\jdk8u181\11358\hotspot\src\share\vm\classfile\systemDictionary.cpp, 
Event: 15.922 Thread 0x000000000282f000 Exception <a 'java/lang/ClassNotFoundException': org/openqa/selenium/support/ui/ExpectedConditionsCustomizer> (0x00000000e4627838) thrown at [C:\re\workspace\8-2-build-windows-amd64-cygwin\jdk8u181\11358\hotspot\src\share\vm\classfile\systemDictionary.cpp

Events (10 events):
Event: 15.928 loading class com/google/common/io/LineProcessor done
Event: 15.928 loading class com/google/common/io/Closer
Event: 15.928 loading class com/google/common/io/Closer done
Event: 15.929 loading class com/google/common/io/Closer$Suppressor
Event: 15.929 loading class com/google/common/io/Closer$Suppressor done
Event: 15.929 loading class com/google/common/io/Closer$SuppressingSuppressor
Event: 15.929 loading class com/google/common/io/Closer$SuppressingSuppressor done
Event: 15.931 Thread 0x000000000282f000 Uncommon trap: trap_request=0xffffff65 fr.pc=0x0000000002e32820
Event: 15.931 Thread 0x000000000282f000 DEOPT PACKING pc=0x0000000002e32820 sp=0x00000000027dbb30
Event: 15.931 Thread 0x000000000282f000 DEOPT UNPACKING pc=0x000000000296583b sp=0x00000000027dbb00 mode 2


Dynamic libraries:
0x00007ff76de80000 - 0x00007ff76deb7000 	D:\Utilisateurs\samandari\QA\Outils\Katalon_Studio_Windows_64-7.7.1\jre\bin\javaw.exe
0x00007ff9c7240000 - 0x00007ff9c742d000 	C:\WINDOWS\SYSTEM32\ntdll.dll
0x00007ff9c4aa0000 - 0x00007ff9c4b53000 	C:\WINDOWS\System32\KERNEL32.DLL
0x00007ff9c41c0000 - 0x00007ff9c4455000 	C:\WINDOWS\System32\KERNELBASE.dll
0x000000005d100000 - 0x000000005d1a6000 	C:\WINDOWS\System32\SYSFER.DLL
0x00007ff9c45e0000 - 0x00007ff9c4683000 	C:\WINDOWS\System32\ADVAPI32.dll
0x00007ff9c5330000 - 0x00007ff9c53ce000 	C:\WINDOWS\System32\msvcrt.dll
0x00007ff9c53d0000 - 0x00007ff9c546e000 	C:\WINDOWS\System32\sechost.dll
0x00007ff9c4860000 - 0x00007ff9c4982000 	C:\WINDOWS\System32\RPCRT4.dll
0x00007ff9c4e90000 - 0x00007ff9c5027000 	C:\WINDOWS\System32\USER32.dll
0x00007ff9c3cc0000 - 0x00007ff9c3ce0000 	C:\WINDOWS\System32\win32u.dll
0x00007ff9c4690000 - 0x00007ff9c46b9000 	C:\WINDOWS\System32\GDI32.dll
0x00007ff9c4020000 - 0x00007ff9c41bc000 	C:\WINDOWS\System32\gdi32full.dll
0x00007ff9c3c20000 - 0x00007ff9c3cc0000 	C:\WINDOWS\System32\msvcp_win.dll
0x00007ff9c3b20000 - 0x00007ff9c3c1a000 	C:\WINDOWS\System32\ucrtbase.dll
0x00007ff9b8780000 - 0x00007ff9b89f9000 	C:\WINDOWS\WinSxS\amd64_microsoft.windows.common-controls_6595b64144ccf1df_6.0.17763.1577_none_de7444545348a3d0\COMCTL32.dll
0x00007ff9c4b60000 - 0x00007ff9c4e8d000 	C:\WINDOWS\System32\combase.dll
0x00007ff9c3340000 - 0x00007ff9c33be000 	C:\WINDOWS\System32\bcryptPrimitives.dll
0x00007ff9c4830000 - 0x00007ff9c485e000 	C:\WINDOWS\System32\IMM32.DLL
0x000000005ac20000 - 0x000000005acf2000 	D:\Utilisateurs\samandari\QA\Outils\Katalon_Studio_Windows_64-7.7.1\jre\bin\msvcr100.dll
0x000000005ae40000 - 0x000000005b6e2000 	D:\Utilisateurs\samandari\QA\Outils\Katalon_Studio_Windows_64-7.7.1\jre\bin\server\jvm.dll
0x00007ff9c7000000 - 0x00007ff9c7008000 	C:\WINDOWS\System32\PSAPI.DLL
0x00007ff9b3890000 - 0x00007ff9b3899000 	C:\WINDOWS\SYSTEM32\WSOCK32.dll
0x00007ff9c5210000 - 0x00007ff9c527d000 	C:\WINDOWS\System32\WS2_32.dll
0x00007ff9b86a0000 - 0x00007ff9b86c4000 	C:\WINDOWS\SYSTEM32\WINMM.dll
0x00007ff9ba300000 - 0x00007ff9ba30a000 	C:\WINDOWS\SYSTEM32\VERSION.dll
0x00007ff9b8670000 - 0x00007ff9b869d000 	C:\WINDOWS\SYSTEM32\WINMMBASE.dll
0x00007ff9c32f0000 - 0x00007ff9c333a000 	C:\WINDOWS\System32\cfgmgr32.dll
0x000000005ce00000 - 0x000000005ce0f000 	D:\Utilisateurs\samandari\QA\Outils\Katalon_Studio_Windows_64-7.7.1\jre\bin\verify.dll
0x000000005cdd0000 - 0x000000005cdf9000 	D:\Utilisateurs\samandari\QA\Outils\Katalon_Studio_Windows_64-7.7.1\jre\bin\java.dll
0x000000005c4f0000 - 0x000000005c506000 	D:\Utilisateurs\samandari\QA\Outils\Katalon_Studio_Windows_64-7.7.1\jre\bin\zip.dll
0x00007ff9c5950000 - 0x00007ff9c6e49000 	C:\WINDOWS\System32\SHELL32.dll
0x00007ff9c49f0000 - 0x00007ff9c4a98000 	C:\WINDOWS\System32\shcore.dll
0x00007ff9c33c0000 - 0x00007ff9c3b13000 	C:\WINDOWS\System32\windows.storage.dll
0x00007ff9c32c0000 - 0x00007ff9c32e4000 	C:\WINDOWS\System32\profapi.dll
0x00007ff9c3220000 - 0x00007ff9c327d000 	C:\WINDOWS\System32\powrprof.dll
0x00007ff9c5470000 - 0x00007ff9c54c2000 	C:\WINDOWS\System32\shlwapi.dll
0x00007ff9c3280000 - 0x00007ff9c3291000 	C:\WINDOWS\System32\kernel.appcore.dll
0x00007ff9c3ce0000 - 0x00007ff9c3cf7000 	C:\WINDOWS\System32\cryptsp.dll
0x000000005c4d0000 - 0x000000005c4ea000 	D:\Utilisateurs\samandari\QA\Outils\Katalon_Studio_Windows_64-7.7.1\jre\bin\net.dll
0x00007ff9c2a90000 - 0x00007ff9c2af7000 	C:\WINDOWS\system32\mswsock.dll
0x000000005c4b0000 - 0x000000005c4c1000 	D:\Utilisateurs\samandari\QA\Outils\Katalon_Studio_Windows_64-7.7.1\jre\bin\nio.dll
0x00007ff9c27f0000 - 0x00007ff9c28b6000 	C:\WINDOWS\SYSTEM32\DNSAPI.dll
0x00007ff9c5200000 - 0x00007ff9c5208000 	C:\WINDOWS\System32\NSI.dll
0x00007ff9c27b0000 - 0x00007ff9c27ed000 	C:\WINDOWS\SYSTEM32\IPHLPAPI.DLL
0x00007ff9bcc30000 - 0x00007ff9bcc3a000 	C:\Windows\System32\rasadhlp.dll
0x00007ff9c1210000 - 0x00007ff9c1289000 	C:\WINDOWS\System32\fwpuclnt.dll
0x00007ff9c3ff0000 - 0x00007ff9c4016000 	C:\WINDOWS\System32\bcrypt.dll
0x000000005ad20000 - 0x000000005ad44000 	D:\Utilisateurs\samandari\QA\Outils\Katalon_Studio_Windows_64-7.7.1\jre\bin\sunec.dll
0x000000005ad10000 - 0x000000005ad1b000 	D:\Utilisateurs\samandari\QA\Outils\Katalon_Studio_Windows_64-7.7.1\jre\bin\sunmscapi.dll
0x00007ff9c3e10000 - 0x00007ff9c3fec000 	C:\WINDOWS\System32\CRYPT32.dll
0x00007ff9c32a0000 - 0x00007ff9c32b2000 	C:\WINDOWS\System32\MSASN1.dll
0x00007ff9c0f90000 - 0x00007ff9c0fa6000 	C:\WINDOWS\SYSTEM32\dhcpcsvc6.DLL
0x00007ff9c0f70000 - 0x00007ff9c0f8c000 	C:\WINDOWS\SYSTEM32\dhcpcsvc.DLL
0x00007ff9c2610000 - 0x00007ff9c2643000 	C:\WINDOWS\system32\rsaenh.dll
0x00007ff9c3120000 - 0x00007ff9c3149000 	C:\WINDOWS\SYSTEM32\USERENV.dll
0x00007ff9c2c60000 - 0x00007ff9c2c6c000 	C:\WINDOWS\SYSTEM32\CRYPTBASE.dll
0x00007ff9b2780000 - 0x00007ff9b2796000 	C:\WINDOWS\system32\napinsp.dll
0x00007ff9b2300000 - 0x00007ff9b231a000 	C:\WINDOWS\system32\pnrpnsp.dll
0x00007ff9b3860000 - 0x00007ff9b386e000 	C:\WINDOWS\System32\winrnr.dll
0x00007ff9be9b0000 - 0x00007ff9be9cb000 	C:\WINDOWS\system32\NLAapi.dll
0x00007ff9bd6a0000 - 0x00007ff9bd6b5000 	C:\WINDOWS\system32\wshbth.dll

VM Arguments:
jvm_args: -Dgroovy.home=/D:/Utilisateurs/samandari/QA/Outils/Katalon_Studio_Windows_64-7.7.1/plugins/org.codehaus.groovy_2.4.7.xx-201611170128-e46/ -Xmx2048m -Dfile.encoding=UTF-8 
java_command: org.codehaus.groovy.tools.GroovyStarter --classpath D:\Utilisateurs\samandari\QA\PROJET AUTOMATISATION\S3\S3\Include\scripts\groovy;D:\Utilisateurs\samandari\QA\PROJET AUTOMATISATION\S3\S3\Keywords;D:\Utilisateurs\samandari\QA\PROJET AUTOMATISATION\S3\S3\Libs;D:\Utilisateurs\samandari\QA\PROJET AUTOMATISATION\S3\S3\Test Listeners;D:\Utilisateurs\samandari\QA\Outils\Katalon_Studio_Windows_64-7.7.1\configuration\org.eclipse.osgi\24\0\.cp\resources\basic-report\katalon-studio-report-plugin.jar;D:\Utilisateurs\samandari\QA\Outils\Katalon_Studio_Windows_64-7.7.1\configuration\resources\lib\aalto-xml-1.0.0.jar;D:\Utilisateurs\samandari\QA\Outils\Katalon_Studio_Windows_64-7.7.1\configuration\resources\lib\aspectjweaver-1.9.1.jar;D:\Utilisateurs\samandari\QA\Outils\Katalon_Studio_Windows_64-7.7.1\configuration\resources\lib\bcpkix-jdk15on-1.58.jar;D:\Utilisateurs\samandari\QA\Outils\Katalon_Studio_Windows_64-7.7.1\configuration\resources\lib\bcprov-jdk15on-1.58.jar;D:\Utilisateurs\samandari\QA\Outils\Katalon_Studio_Windows_64-7.7.1\configuration\resources\lib\browsermob-core-2.1.5.jar;D:\Utilisateurs\samandari\QA\Outils\Katalon_Studio_Windows_64-7.7.1\configuration\resources\lib\cglib-3.2.10.jar;D:\Utilisateurs\samandari\QA\Outils\Katalon_Studio_Windows_64-7.7.1\configuration\resources\lib\commons-codec-1.10.jar;D:\Utilisateurs\samandari\QA\Outils\Katalon_Studio_Windows_64-7.7.1\configuration\resources\lib\commons-collections4-4.1.jar;D:\Utilisateurs\samandari\QA\Outils\Katalon_Studio_Windows_64-7.7.1\configuration\resources\lib\commons-validator-1.6.jar;D:\Utilisateurs\samandari\QA\Outils\Katalon_Studio_Windows_64-7.7.1\configuration\resources\lib\curvesapi-1.04.jar;D:\Utilisateurs\samandari\QA\Outils\Katalon_Studio_Windows_64-7.7.1\configuration\resources\lib\dnsjava-2.1.8.jar;D:\Utilisateurs\samandari\QA\Outils\Katalon_Studio_Windows_64-7.7.1\configuration\resources\lib\java-client-7.0.0.jar;D:\Utilisateurs\samandari\QA\Outils\Katalon_Studio_Windows_64-7.
java_class_path (initial): D:\Utilisateurs\samandari\QA\PROJET AUTOMATISATION\S3\S3\bin\keyword;D:\Utilisateurs\samandari\QA\PROJET AUTOMATISATION\S3\S3\bin\listener;D:\Utilisateurs\samandari\QA\PROJET AUTOMATISATION\S3\S3\bin\lib;D:\Utilisateurs\samandari\QA\PROJET AUTOMATISATION\S3\S3\bin\groovy;D:\Utilisateurs\samandari\QA\PROJET AUTOMATISATION\S3\S3\bin;D:\Utilisateurs\samandari\QA\Outils\Katalon_Studio_Windows_64-7.7.1\plugins\com.kms.katalon.core_1.0.0.202009220546.jar;D:\Utilisateurs\samandari\QA\Outils\Katalon_Studio_Windows_64-7.7.1\configuration\resources\lib\aalto-xml-1.0.0.jar;D:\Utilisateurs\samandari\QA\Outils\Katalon_Studio_Windows_64-7.7.1\configuration\resources\lib\aspectjweaver-1.9.1.jar;D:\Utilisateurs\samandari\QA\Outils\Katalon_Studio_Windows_64-7.7.1\configuration\resources\lib\bcpkix-jdk15on-1.58.jar;D:\Utilisateurs\samandari\QA\Outils\Katalon_Studio_Windows_64-7.7.1\configuration\resources\lib\bcprov-jdk15on-1.58.jar;D:\Utilisateurs\samandari\QA\Outils\Katalon_Studio_Windows_64-7.7.1\configuration\resources\lib\browsermob-core-2.1.5.jar;D:\Utilisateurs\samandari\QA\Outils\Katalon_Studio_Windows_64-7.7.1\configuration\resources\lib\cglib-3.2.10.jar;D:\Utilisateurs\samandari\QA\Outils\Katalon_Studio_Windows_64-7.7.1\configuration\resources\lib\commons-codec-1.10.jar;D:\Utilisateurs\samandari\QA\Outils\Katalon_Studio_Windows_64-7.7.1\configuration\resources\lib\commons-collections4-4.1.jar;D:\Utilisateurs\samandari\QA\Outils\Katalon_Studio_Windows_64-7.7.1\configuration\resources\lib\commons-validator-1.6.jar;D:\Utilisateurs\samandari\QA\Outils\Katalon_Studio_Windows_64-7.7.1\configuration\resources\lib\curvesapi-1.04.jar;D:\Utilisateurs\samandari\QA\Outils\Katalon_Studio_Windows_64-7.7.1\configuration\resources\lib\dnsjava-2.1.8.jar;D:\Utilisateurs\samandari\QA\Outils\Katalon_Studio_Windows_64-7.7.1\configuration\resources\lib\java-client-7.0.0.jar;D:\Utilisateurs\samandari\QA\Outils\Katalon_Studio_Windows_64-7.7.1\configuration\resources\li
Launcher Type: SUN_STANDARD

Environment Variables:
JAVA_HOME=C:\Program Files\Java\jdk1.8.0_281
PATH=D:/Utilisateurs/samandari/QA/Outils/Katalon_Studio_Windows_64-7.7.1/jre/bin/server;D:/Utilisateurs/samandari/QA/Outils/Katalon_Studio_Windows_64-7.7.1/jre/bin;D:/Utilisateurs/samandari/QA/Outils/Katalon_Studio_Windows_64-7.7.1/jre/lib/amd64;C:\Program Files (x86)\Common Files\Oracle\Java\javapath;C:\ProgramData\Oracle\Java\javapath;C:\Python27\;C:\Python27\Scripts;C:\WINDOWS\system32;C:\WINDOWS;C:\WINDOWS\System32\Wbem;C:\WINDOWS\System32\WindowsPowerShell\v1.0\;C:\Program Files\PuTTY\;C:\Program Files\Git\cmd;C:\ProgramData\chocolatey\bin;C:\Program Files\Java\jdk1.8.0_281\bin;C:\Program Files\nodejs\;D:\Utilisateurs\samandari\AppData\Local\Microsoft\WindowsApps;D:\Utilisateurs\samandari\AppData\Roaming\npm;D:\Utilisateurs\samandari\QA\Outils\Katalon_Studio_Windows_64-7.7.1;
USERNAME=samandari
OS=Windows_NT
PROCESSOR_IDENTIFIER=Intel64 Family 6 Model 158 Stepping 10, GenuineIntel



---------------  S Y S T E M  ---------------

OS: Windows 10.0 , 64 bit Build 17763 (10.0.17763.475)

CPU:total 6 (initial active 6) (6 cores per cpu, 1 threads per core) family 6 model 158 stepping 10, cmov, cx8, fxsr, mmx, sse, sse2, sse3, ssse3, sse4.1, sse4.2, popcnt, avx, avx2, aes, clmul, erms, rtm, 3dnowpref, lzcnt, tsc, tscinvbit, bmi1, bmi2, adx

Memory: 4k page, physical 8236320k(667360k free), swap 20720924k(1800k free)

vm_info: Java HotSpot(TM) 64-Bit Server VM (25.181-b13) for windows-amd64 JRE (1.8.0_181-b13), built on Jul  7 2018 04:01:33 by "java_re" with MS VC++ 10.0 (VS2010)

time: Fri Apr 30 17:08:45 2021
elapsed time: 15 seconds (0d 0h 0m 15s)

