#
# There is insufficient memory for the Java Runtime Environment to continue.
# Native memory allocation (malloc) failed to allocate 1083536 bytes for Chunk::new
# Possible reasons:
#   The system is out of physical RAM or swap space
#   In 32 bit mode, the process size limit was hit
# Possible solutions:
#   Reduce memory load on the system
#   Increase physical memory or swap space
#   Check if swap backing store is full
#   Use 64 bit Java on a 64 bit OS
#   Decrease Java heap size (-Xmx/-Xms)
#   Decrease number of Java threads
#   Decrease Java thread stack sizes (-Xss)
#   Set larger code cache with -XX:ReservedCodeCacheSize=
# This output file may be truncated or incomplete.
#
#  Out of Memory Error (allocation.cpp:390), pid=9960, tid=0x00000000000045e4
#
# JRE version: Java(TM) SE Runtime Environment (8.0_181-b13) (build 1.8.0_181-b13)
# Java VM: Java HotSpot(TM) 64-Bit Server VM (25.181-b13 mixed mode windows-amd64 compressed oops)
# Failed to write core dump. Minidumps are not enabled by default on client versions of Windows
#

---------------  T H R E A D  ---------------

Current thread (0x0000000017b0b000):  JavaThread "C2 CompilerThread1" daemon [_thread_in_native, id=17892, stack(0x0000000019880000,0x0000000019980000)]

Stack: [0x0000000019880000,0x0000000019980000]
[error occurred during error reporting (printing stack bounds), id 0xc0000005]

Native frames: (J=compiled Java code, j=interpreted, Vv=VM code, C=native code)


Current CompileTask:
C2:   2509 2365   !   4       java.net.URLClassLoader$1::run (63 bytes)


---------------  P R O C E S S  ---------------

Java Threads: ( => current thread )
  0x00000000199f5000 JavaThread "Service Thread" daemon [_thread_blocked, id=5604, stack(0x0000000019e80000,0x0000000019f80000)]
  0x0000000019982000 JavaThread "C1 CompilerThread2" daemon [_thread_blocked, id=10868, stack(0x0000000019d80000,0x0000000019e80000)]
=>0x0000000017b0b000 JavaThread "C2 CompilerThread1" daemon [_thread_in_native, id=17892, stack(0x0000000019880000,0x0000000019980000)]
  0x0000000017b09000 JavaThread "C2 CompilerThread0" daemon [_thread_in_native, id=11564, stack(0x0000000019780000,0x0000000019880000)]
  0x0000000017b05800 JavaThread "Attach Listener" daemon [_thread_blocked, id=34268, stack(0x0000000019680000,0x0000000019780000)]
  0x0000000017b02800 JavaThread "Signal Dispatcher" daemon [_thread_blocked, id=8644, stack(0x0000000019580000,0x0000000019680000)]
  0x0000000017ae9000 JavaThread "Finalizer" daemon [_thread_blocked, id=13244, stack(0x0000000019360000,0x0000000019460000)]
  0x0000000017ade800 JavaThread "Reference Handler" daemon [_thread_blocked, id=6292, stack(0x0000000019260000,0x0000000019360000)]
  0x0000000002b6f000 JavaThread "main" [_thread_in_native, id=20512, stack(0x0000000002a50000,0x0000000002b50000)]

Other Threads:
  0x0000000017ab8000 VMThread [stack: 0x0000000019160000,0x0000000019260000] [id=24416]
  0x0000000019a38800 WatcherThread [stack: 0x0000000019f80000,0x000000001a080000] [id=12248]

VM state:not at safepoint (normal execution)

VM Mutex/Monitor currently owned by a thread: None

Heap:
 PSYoungGen      total 141824K, used 33409K [0x00000000d5580000, 0x00000000e5180000, 0x0000000100000000)
  eden space 131072K, 22% used [0x00000000d5580000,0x00000000d72ec550,0x00000000dd580000)
  from space 10752K, 30% used [0x00000000de000000,0x00000000de334010,0x00000000dea80000)
  to   space 10752K, 0% used [0x00000000dd580000,0x00000000dd580000,0x00000000de000000)
 ParOldGen       total 56320K, used 12919K [0x0000000080000000, 0x0000000083700000, 0x00000000d5580000)
  object space 56320K, 22% used [0x0000000080000000,0x0000000080c9dc10,0x0000000083700000)
 Metaspace       used 24728K, capacity 25194K, committed 25600K, reserved 1071104K
  class space    used 2873K, capacity 3016K, committed 3072K, reserved 1048576K

Card table byte_map: [0x0000000012020000,0x0000000012430000] byte_map_base: 0x0000000011c20000

Marking Bits: (ParMarkBitMap*) 0x000000005b662d00
 Begin Bits: [0x0000000012ce0000, 0x0000000014ce0000)
 End Bits:   [0x0000000014ce0000, 0x0000000016ce0000)

Polling page: 0x0000000000cc0000

CodeCache: size=245760Kb used=10827Kb max_used=10827Kb free=234932Kb
 bounds [0x0000000002c60000, 0x0000000003700000, 0x0000000011c60000]
 total_blobs=3157 nmethods=2502 adapters=566
 compilation: enabled

Compilation events (10 events):
Event: 2.434 Thread 0x0000000019982000 2511   !   3       java.security.Provider$Service::newInstance (416 bytes)
Event: 2.436 Thread 0x0000000019982000 nmethod 2511 0x00000000036e38d0 code [0x00000000036e4020, 0x00000000036e8f48]
Event: 2.436 Thread 0x0000000019982000 2514       3       sun.security.provider.X509Factory::readOneBlock (408 bytes)
Event: 2.438 Thread 0x0000000019982000 nmethod 2514 0x00000000036ec110 code [0x00000000036ec660, 0x00000000036efff8]
Event: 2.438 Thread 0x0000000019982000 2515       1       java.util.Hashtable::access$500 (5 bytes)
Event: 2.438 Thread 0x0000000019982000 nmethod 2515 0x00000000036dd190 code [0x00000000036dd2e0, 0x00000000036dd3d0]
Event: 2.438 Thread 0x0000000019982000 2512   !   3       java.security.Provider$Service::getImplClass (186 bytes)
Event: 2.439 Thread 0x0000000019982000 nmethod 2512 0x00000000036f23d0 code [0x00000000036f2820, 0x00000000036f52c8]
Event: 2.439 Thread 0x0000000019982000 2516       1       java.lang.StringCoding$StringEncoder::requestedCharsetName (5 bytes)
Event: 2.439 Thread 0x0000000019982000 nmethod 2516 0x00000000036f69d0 code [0x00000000036f6b20, 0x00000000036f6c30]

GC Heap History (10 events):
Event: 1.378 GC heap before
{Heap before GC invocations=5 (full 0):
 PSYoungGen      total 70656K, used 70625K [0x00000000d5580000, 0x00000000d9f80000, 0x0000000100000000)
  eden space 65536K, 100% used [0x00000000d5580000,0x00000000d9580000,0x00000000d9580000)
  from space 5120K, 99% used [0x00000000d9a80000,0x00000000d9f78608,0x00000000d9f80000)
  to   space 5120K, 0% used [0x00000000d9580000,0x00000000d9580000,0x00000000d9a80000)
 ParOldGen       total 86016K, used 3218K [0x0000000080000000, 0x0000000085400000, 0x00000000d5580000)
  object space 86016K, 3% used [0x0000000080000000,0x0000000080324910,0x0000000085400000)
 Metaspace       used 20113K, capacity 20460K, committed 20864K, reserved 1067008K
  class space    used 2261K, capacity 2367K, committed 2432K, reserved 1048576K
Event: 1.385 GC heap after
Heap after GC invocations=5 (full 0):
 PSYoungGen      total 70656K, used 5094K [0x00000000d5580000, 0x00000000dea80000, 0x0000000100000000)
  eden space 65536K, 0% used [0x00000000d5580000,0x00000000d5580000,0x00000000d9580000)
  from space 5120K, 99% used [0x00000000d9580000,0x00000000d9a79b50,0x00000000d9a80000)
  to   space 10752K, 0% used [0x00000000de000000,0x00000000de000000,0x00000000dea80000)
 ParOldGen       total 86016K, used 8715K [0x0000000080000000, 0x0000000085400000, 0x00000000d5580000)
  object space 86016K, 10% used [0x0000000080000000,0x0000000080882d90,0x0000000085400000)
 Metaspace       used 20113K, capacity 20460K, committed 20864K, reserved 1067008K
  class space    used 2261K, capacity 2367K, committed 2432K, reserved 1048576K
}
Event: 1.575 GC heap before
{Heap before GC invocations=6 (full 0):
 PSYoungGen      total 70656K, used 70630K [0x00000000d5580000, 0x00000000dea80000, 0x0000000100000000)
  eden space 65536K, 100% used [0x00000000d5580000,0x00000000d9580000,0x00000000d9580000)
  from space 5120K, 99% used [0x00000000d9580000,0x00000000d9a79b50,0x00000000d9a80000)
  to   space 10752K, 0% used [0x00000000de000000,0x00000000de000000,0x00000000dea80000)
 ParOldGen       total 86016K, used 8715K [0x0000000080000000, 0x0000000085400000, 0x00000000d5580000)
  object space 86016K, 10% used [0x0000000080000000,0x0000000080882d90,0x0000000085400000)
 Metaspace       used 20715K, capacity 21038K, committed 21296K, reserved 1069056K
  class space    used 2295K, capacity 2406K, committed 2432K, reserved 1048576K
Event: 1.582 GC heap after
Heap after GC invocations=6 (full 0):
 PSYoungGen      total 141824K, used 8153K [0x00000000d5580000, 0x00000000dea80000, 0x0000000100000000)
  eden space 131072K, 0% used [0x00000000d5580000,0x00000000d5580000,0x00000000dd580000)
  from space 10752K, 75% used [0x00000000de000000,0x00000000de7f66b8,0x00000000dea80000)
  to   space 10752K, 0% used [0x00000000dd580000,0x00000000dd580000,0x00000000de000000)
 ParOldGen       total 86016K, used 8715K [0x0000000080000000, 0x0000000085400000, 0x00000000d5580000)
  object space 86016K, 10% used [0x0000000080000000,0x0000000080882d90,0x0000000085400000)
 Metaspace       used 20715K, capacity 21038K, committed 21296K, reserved 1069056K
  class space    used 2295K, capacity 2406K, committed 2432K, reserved 1048576K
}
Event: 1.592 GC heap before
{Heap before GC invocations=7 (full 0):
 PSYoungGen      total 141824K, used 10911K [0x00000000d5580000, 0x00000000dea80000, 0x0000000100000000)
  eden space 131072K, 2% used [0x00000000d5580000,0x00000000d5831930,0x00000000dd580000)
  from space 10752K, 75% used [0x00000000de000000,0x00000000de7f66b8,0x00000000dea80000)
  to   space 10752K, 0% used [0x00000000dd580000,0x00000000dd580000,0x00000000de000000)
 ParOldGen       total 86016K, used 8715K [0x0000000080000000, 0x0000000085400000, 0x00000000d5580000)
  object space 86016K, 10% used [0x0000000080000000,0x0000000080882d90,0x0000000085400000)
 Metaspace       used 20776K, capacity 21102K, committed 21296K, reserved 1069056K
  class space    used 2298K, capacity 2406K, committed 2432K, reserved 1048576K
Event: 1.601 GC heap after
Heap after GC invocations=7 (full 0):
 PSYoungGen      total 141824K, used 6192K [0x00000000d5580000, 0x00000000dea80000, 0x0000000100000000)
  eden space 131072K, 0% used [0x00000000d5580000,0x00000000d5580000,0x00000000dd580000)
  from space 10752K, 57% used [0x00000000dd580000,0x00000000ddb8c030,0x00000000de000000)
  to   space 10752K, 0% used [0x00000000de000000,0x00000000de000000,0x00000000dea80000)
 ParOldGen       total 86016K, used 10872K [0x0000000080000000, 0x0000000085400000, 0x00000000d5580000)
  object space 86016K, 12% used [0x0000000080000000,0x0000000080a9e278,0x0000000085400000)
 Metaspace       used 20776K, capacity 21102K, committed 21296K, reserved 1069056K
  class space    used 2298K, capacity 2406K, committed 2432K, reserved 1048576K
}
Event: 1.601 GC heap before
{Heap before GC invocations=8 (full 1):
 PSYoungGen      total 141824K, used 6192K [0x00000000d5580000, 0x00000000dea80000, 0x0000000100000000)
  eden space 131072K, 0% used [0x00000000d5580000,0x00000000d5580000,0x00000000dd580000)
  from space 10752K, 57% used [0x00000000dd580000,0x00000000ddb8c030,0x00000000de000000)
  to   space 10752K, 0% used [0x00000000de000000,0x00000000de000000,0x00000000dea80000)
 ParOldGen       total 86016K, used 10872K [0x0000000080000000, 0x0000000085400000, 0x00000000d5580000)
  object space 86016K, 12% used [0x0000000080000000,0x0000000080a9e278,0x0000000085400000)
 Metaspace       used 20776K, capacity 21102K, committed 21296K, reserved 1069056K
  class space    used 2298K, capacity 2406K, committed 2432K, reserved 1048576K
Event: 1.641 GC heap after
Heap after GC invocations=8 (full 1):
 PSYoungGen      total 141824K, used 0K [0x00000000d5580000, 0x00000000dea80000, 0x0000000100000000)
  eden space 131072K, 0% used [0x00000000d5580000,0x00000000d5580000,0x00000000dd580000)
  from space 10752K, 0% used [0x00000000dd580000,0x00000000dd580000,0x00000000de000000)
  to   space 10752K, 0% used [0x00000000de000000,0x00000000de000000,0x00000000dea80000)
 ParOldGen       total 56320K, used 12911K [0x0000000080000000, 0x0000000083700000, 0x00000000d5580000)
  object space 56320K, 22% used [0x0000000080000000,0x0000000080c9bc10,0x0000000083700000)
 Metaspace       used 20776K, capacity 21102K, committed 21296K, reserved 1069056K
  class space    used 2298K, capacity 2406K, committed 2432K, reserved 1048576K
}
Event: 2.200 GC heap before
{Heap before GC invocations=9 (full 1):
 PSYoungGen      total 141824K, used 131072K [0x00000000d5580000, 0x00000000dea80000, 0x0000000100000000)
  eden space 131072K, 100% used [0x00000000d5580000,0x00000000dd580000,0x00000000dd580000)
  from space 10752K, 0% used [0x00000000dd580000,0x00000000dd580000,0x00000000de000000)
  to   space 10752K, 0% used [0x00000000de000000,0x00000000de000000,0x00000000dea80000)
 ParOldGen       total 56320K, used 12911K [0x0000000080000000, 0x0000000083700000, 0x00000000d5580000)
  object space 56320K, 22% used [0x0000000080000000,0x0000000080c9bc10,0x0000000083700000)
 Metaspace       used 22325K, capacity 22732K, committed 23088K, reserved 1069056K
  class space    used 2555K, capacity 2648K, committed 2688K, reserved 1048576K
Event: 2.203 GC heap after
Heap after GC invocations=9 (full 1):
 PSYoungGen      total 141824K, used 3280K [0x00000000d5580000, 0x00000000e5180000, 0x0000000100000000)
  eden space 131072K, 0% used [0x00000000d5580000,0x00000000d5580000,0x00000000dd580000)
  from space 10752K, 30% used [0x00000000de000000,0x00000000de334010,0x00000000dea80000)
  to   space 10752K, 0% used [0x00000000dd580000,0x00000000dd580000,0x00000000de000000)
 ParOldGen       total 56320K, used 12919K [0x0000000080000000, 0x0000000083700000, 0x00000000d5580000)
  object space 56320K, 22% used [0x0000000080000000,0x0000000080c9dc10,0x0000000083700000)
 Metaspace       used 22325K, capacity 22732K, committed 23088K, reserved 1069056K
  class space    used 2555K, capacity 2648K, committed 2688K, reserved 1048576K
}

Deoptimization events (10 events):
Event: 1.679 Thread 0x0000000002b6f000 Uncommon trap: reason=null_check action=make_not_entrant pc=0x0000000003416d40 method=org.codehaus.groovy.reflection.ClassInfo.getLocalClassInfoMap()Lorg/codehaus/groovy/reflection/ClassInfo$LocalMap; @ 6
Event: 2.276 Thread 0x0000000002b6f000 Uncommon trap: reason=unstable_if action=reinterpret pc=0x0000000003616b18 method=java.io.WinNTFileSystem.resolve(Ljava/lang/String;Ljava/lang/String;)Ljava/lang/String; @ 49
Event: 2.347 Thread 0x0000000002b6f000 Uncommon trap: reason=unstable_if action=reinterpret pc=0x0000000003323684 method=java.io.WinNTFileSystem.normalize(Ljava/lang/String;)Ljava/lang/String; @ 128
Event: 2.352 Thread 0x0000000002b6f000 Uncommon trap: reason=bimorphic action=maybe_recompile pc=0x00000000032972d4 method=java.net.URL.<init>(Ljava/net/URL;Ljava/lang/String;Ljava/net/URLStreamHandler;)V @ 504
Event: 2.352 Thread 0x0000000002b6f000 Uncommon trap: reason=unstable_if action=reinterpret pc=0x0000000002fc1984 method=java.net.URLStreamHandler.parseURL(Ljava/net/URL;Ljava/lang/String;II)V @ 690
Event: 2.391 Thread 0x0000000002b6f000 Uncommon trap: reason=class_check action=maybe_recompile pc=0x00000000032920a8 method=java.util.HashMap.putVal(ILjava/lang/Object;Ljava/lang/Object;ZZ)Ljava/lang/Object; @ 203
Event: 2.391 Thread 0x0000000002b6f000 Uncommon trap: reason=class_check action=maybe_recompile pc=0x00000000032920a8 method=java.util.HashMap.putVal(ILjava/lang/Object;Ljava/lang/Object;ZZ)Ljava/lang/Object; @ 203
Event: 2.391 Thread 0x0000000002b6f000 Uncommon trap: reason=class_check action=maybe_recompile pc=0x00000000032920a8 method=java.util.HashMap.putVal(ILjava/lang/Object;Ljava/lang/Object;ZZ)Ljava/lang/Object; @ 203
Event: 2.392 Thread 0x0000000002b6f000 Uncommon trap: reason=class_check action=maybe_recompile pc=0x00000000032920a8 method=java.util.HashMap.putVal(ILjava/lang/Object;Ljava/lang/Object;ZZ)Ljava/lang/Object; @ 203
Event: 2.433 Thread 0x0000000002b6f000 Uncommon trap: reason=unstable_if action=reinterpret pc=0x00000000036ca290 method=java.io.ByteArrayInputStream.read()I @ 8

Classes redefined (0 events):
No events

Internal exceptions (10 events):
Event: 2.095 Thread 0x0000000002b6f000 Exception <a 'java/security/PrivilegedActionException'> (0x00000000dbda2468) thrown at [C:\re\workspace\8-2-build-windows-amd64-cygwin\jdk8u181\11358\hotspot\src\share\vm\prims\jvm.cpp, line 1435]
Event: 2.095 Thread 0x0000000002b6f000 Exception <a 'java/security/PrivilegedActionException'> (0x00000000dbda2e18) thrown at [C:\re\workspace\8-2-build-windows-amd64-cygwin\jdk8u181\11358\hotspot\src\share\vm\prims\jvm.cpp, line 1435]
Event: 2.101 Thread 0x0000000002b6f000 Exception <a 'java/lang/ClassNotFoundException': Script1619071346113BeanInfo> (0x00000000dbed87c0) thrown at [C:\re\workspace\8-2-build-windows-amd64-cygwin\jdk8u181\11358\hotspot\src\share\vm\classfile\systemDictionary.cpp, line 210]
Event: 2.102 Thread 0x0000000002b6f000 Exception <a 'java/lang/ClassNotFoundException': Script1619071346113Customizer> (0x00000000dbf21e50) thrown at [C:\re\workspace\8-2-build-windows-amd64-cygwin\jdk8u181\11358\hotspot\src\share\vm\classfile\systemDictionary.cpp, line 210]
Event: 2.219 Thread 0x0000000002b6f000 Exception <a 'java/lang/ClassNotFoundException': com/kms/katalon/core/webui/keyword/builtin/OpenBrowserKeywordBeanInfo> (0x00000000d59a62a8) thrown at [C:\re\workspace\8-2-build-windows-amd64-cygwin\jdk8u181\11358\hotspot\src\share\vm\classfile\systemDict
Event: 2.220 Thread 0x0000000002b6f000 Exception <a 'java/lang/ClassNotFoundException': com/kms/katalon/core/webui/keyword/internal/WebUIAbstractKeywordBeanInfo> (0x00000000d59fbbf0) thrown at [C:\re\workspace\8-2-build-windows-amd64-cygwin\jdk8u181\11358\hotspot\src\share\vm\classfile\systemD
Event: 2.221 Thread 0x0000000002b6f000 Exception <a 'java/lang/ClassNotFoundException': com/kms/katalon/core/webui/keyword/internal/WebUIAbstractKeywordCustomizer> (0x00000000d5a52f48) thrown at [C:\re\workspace\8-2-build-windows-amd64-cygwin\jdk8u181\11358\hotspot\src\share\vm\classfile\syste
Event: 2.222 Thread 0x0000000002b6f000 Exception <a 'java/lang/ClassNotFoundException': com/kms/katalon/core/webui/keyword/builtin/OpenBrowserKeywordCustomizer> (0x00000000d5ac7b50) thrown at [C:\re\workspace\8-2-build-windows-amd64-cygwin\jdk8u181\11358\hotspot\src\share\vm\classfile\systemDi
Event: 2.228 Thread 0x0000000002b6f000 Exception <a 'java/lang/ClassNotFoundException': com/kms/katalon/core/webui/keyword/builtin/InternalSmartWaitGroovyWrapperBeanInfo> (0x00000000d5c788b8) thrown at [C:\re\workspace\8-2-build-windows-amd64-cygwin\jdk8u181\11358\hotspot\src\share\vm\classfil
Event: 2.228 Thread 0x0000000002b6f000 Exception <a 'java/lang/ClassNotFoundException': com/kms/katalon/core/webui/keyword/builtin/InternalSmartWaitGroovyWrapperCustomizer> (0x00000000d5cd7ac8) thrown at [C:\re\workspace\8-2-build-windows-amd64-cygwin\jdk8u181\11358\hotspot\src\share\vm\classf

Events (10 events):
Event: 2.435 loading class sun/security/validator/EndEntityChecker
Event: 2.435 loading class sun/security/validator/EndEntityChecker done
Event: 2.435 loading class java/net/NetworkInterface
Event: 2.435 loading class java/net/NetworkInterface done
Event: 2.435 loading class java/net/NetworkInterface$1
Event: 2.435 loading class java/net/NetworkInterface$1 done
Event: 2.436 loading class java/net/InterfaceAddress
Event: 2.436 loading class java/net/InterfaceAddress done
Event: 2.436 loading class java/net/DefaultInterface
Event: 2.436 loading class java/net/DefaultInterface done


Dynamic libraries:
0x00007ff76de80000 - 0x00007ff76deb7000 	D:\Utilisateurs\samandari\QA\Outils\Katalon_Studio_Windows_64-7.7.1\jre\bin\javaw.exe
0x00007ff9c7240000 - 0x00007ff9c742d000 	C:\WINDOWS\SYSTEM32\ntdll.dll
0x00007ff9c4aa0000 - 0x00007ff9c4b53000 	C:\WINDOWS\System32\KERNEL32.DLL
0x00007ff9c41c0000 - 0x00007ff9c4455000 	C:\WINDOWS\System32\KERNELBASE.dll
0x000000005d100000 - 0x000000005d1a6000 	C:\WINDOWS\System32\SYSFER.DLL
0x00007ff9c45e0000 - 0x00007ff9c4683000 	C:\WINDOWS\System32\ADVAPI32.dll
0x00007ff9c5330000 - 0x00007ff9c53ce000 	C:\WINDOWS\System32\msvcrt.dll
0x00007ff9c53d0000 - 0x00007ff9c546e000 	C:\WINDOWS\System32\sechost.dll
0x00007ff9c4860000 - 0x00007ff9c4982000 	C:\WINDOWS\System32\RPCRT4.dll
0x00007ff9c4e90000 - 0x00007ff9c5027000 	C:\WINDOWS\System32\USER32.dll
0x00007ff9c3cc0000 - 0x00007ff9c3ce0000 	C:\WINDOWS\System32\win32u.dll
0x00007ff9c4690000 - 0x00007ff9c46b9000 	C:\WINDOWS\System32\GDI32.dll
0x00007ff9c4020000 - 0x00007ff9c41bc000 	C:\WINDOWS\System32\gdi32full.dll
0x00007ff9c3c20000 - 0x00007ff9c3cc0000 	C:\WINDOWS\System32\msvcp_win.dll
0x00007ff9c3b20000 - 0x00007ff9c3c1a000 	C:\WINDOWS\System32\ucrtbase.dll
0x00007ff9b8780000 - 0x00007ff9b89f9000 	C:\WINDOWS\WinSxS\amd64_microsoft.windows.common-controls_6595b64144ccf1df_6.0.17763.1577_none_de7444545348a3d0\COMCTL32.dll
0x00007ff9c4b60000 - 0x00007ff9c4e8d000 	C:\WINDOWS\System32\combase.dll
0x00007ff9c3340000 - 0x00007ff9c33be000 	C:\WINDOWS\System32\bcryptPrimitives.dll
0x00007ff9c4830000 - 0x00007ff9c485e000 	C:\WINDOWS\System32\IMM32.DLL
0x000000005a4d0000 - 0x000000005a5a2000 	D:\Utilisateurs\samandari\QA\Outils\Katalon_Studio_Windows_64-7.7.1\jre\bin\msvcr100.dll
0x000000005ae40000 - 0x000000005b6e2000 	D:\Utilisateurs\samandari\QA\Outils\Katalon_Studio_Windows_64-7.7.1\jre\bin\server\jvm.dll
0x00007ff9c7000000 - 0x00007ff9c7008000 	C:\WINDOWS\System32\PSAPI.DLL
0x00007ff9b3890000 - 0x00007ff9b3899000 	C:\WINDOWS\SYSTEM32\WSOCK32.dll
0x00007ff9c5210000 - 0x00007ff9c527d000 	C:\WINDOWS\System32\WS2_32.dll
0x00007ff9b86a0000 - 0x00007ff9b86c4000 	C:\WINDOWS\SYSTEM32\WINMM.dll
0x00007ff9ba300000 - 0x00007ff9ba30a000 	C:\WINDOWS\SYSTEM32\VERSION.dll
0x00007ff9b8670000 - 0x00007ff9b869d000 	C:\WINDOWS\SYSTEM32\WINMMBASE.dll
0x00007ff9c32f0000 - 0x00007ff9c333a000 	C:\WINDOWS\System32\cfgmgr32.dll
0x000000005ce00000 - 0x000000005ce0f000 	D:\Utilisateurs\samandari\QA\Outils\Katalon_Studio_Windows_64-7.7.1\jre\bin\verify.dll
0x000000005cdd0000 - 0x000000005cdf9000 	D:\Utilisateurs\samandari\QA\Outils\Katalon_Studio_Windows_64-7.7.1\jre\bin\java.dll
0x000000005c4f0000 - 0x000000005c506000 	D:\Utilisateurs\samandari\QA\Outils\Katalon_Studio_Windows_64-7.7.1\jre\bin\zip.dll
0x00007ff9c5950000 - 0x00007ff9c6e49000 	C:\WINDOWS\System32\SHELL32.dll
0x00007ff9c49f0000 - 0x00007ff9c4a98000 	C:\WINDOWS\System32\shcore.dll
0x00007ff9c33c0000 - 0x00007ff9c3b13000 	C:\WINDOWS\System32\windows.storage.dll
0x00007ff9c32c0000 - 0x00007ff9c32e4000 	C:\WINDOWS\System32\profapi.dll
0x00007ff9c3220000 - 0x00007ff9c327d000 	C:\WINDOWS\System32\powrprof.dll
0x00007ff9c5470000 - 0x00007ff9c54c2000 	C:\WINDOWS\System32\shlwapi.dll
0x00007ff9c3280000 - 0x00007ff9c3291000 	C:\WINDOWS\System32\kernel.appcore.dll
0x00007ff9c3ce0000 - 0x00007ff9c3cf7000 	C:\WINDOWS\System32\cryptsp.dll
0x000000005c4d0000 - 0x000000005c4ea000 	D:\Utilisateurs\samandari\QA\Outils\Katalon_Studio_Windows_64-7.7.1\jre\bin\net.dll
0x00007ff9c2a90000 - 0x00007ff9c2af7000 	C:\WINDOWS\system32\mswsock.dll
0x000000005c4b0000 - 0x000000005c4c1000 	D:\Utilisateurs\samandari\QA\Outils\Katalon_Studio_Windows_64-7.7.1\jre\bin\nio.dll
0x00007ff9c27f0000 - 0x00007ff9c28b6000 	C:\WINDOWS\SYSTEM32\DNSAPI.dll
0x00007ff9c5200000 - 0x00007ff9c5208000 	C:\WINDOWS\System32\NSI.dll
0x00007ff9c27b0000 - 0x00007ff9c27ed000 	C:\WINDOWS\SYSTEM32\IPHLPAPI.DLL
0x00007ff9bcc30000 - 0x00007ff9bcc3a000 	C:\Windows\System32\rasadhlp.dll
0x00007ff9c1210000 - 0x00007ff9c1289000 	C:\WINDOWS\System32\fwpuclnt.dll
0x00007ff9c3ff0000 - 0x00007ff9c4016000 	C:\WINDOWS\System32\bcrypt.dll
0x000000005ad20000 - 0x000000005ad44000 	D:\Utilisateurs\samandari\QA\Outils\Katalon_Studio_Windows_64-7.7.1\jre\bin\sunec.dll
0x000000005ad10000 - 0x000000005ad1b000 	D:\Utilisateurs\samandari\QA\Outils\Katalon_Studio_Windows_64-7.7.1\jre\bin\sunmscapi.dll
0x00007ff9c3e10000 - 0x00007ff9c3fec000 	C:\WINDOWS\System32\CRYPT32.dll
0x00007ff9c32a0000 - 0x00007ff9c32b2000 	C:\WINDOWS\System32\MSASN1.dll
0x00007ff9c0f90000 - 0x00007ff9c0fa6000 	C:\WINDOWS\SYSTEM32\dhcpcsvc6.DLL
0x00007ff9c0f70000 - 0x00007ff9c0f8c000 	C:\WINDOWS\SYSTEM32\dhcpcsvc.DLL

VM Arguments:
jvm_args: -Dgroovy.home=/D:/Utilisateurs/samandari/QA/Outils/Katalon_Studio_Windows_64-7.7.1/plugins/org.codehaus.groovy_2.4.7.xx-201611170128-e46/ -Xmx2048m -Dfile.encoding=UTF-8 
java_command: org.codehaus.groovy.tools.GroovyStarter --classpath D:\Utilisateurs\samandari\QA\PROJET AUTOMATISATION\S3\S3\Include\scripts\groovy;D:\Utilisateurs\samandari\QA\PROJET AUTOMATISATION\S3\S3\Keywords;D:\Utilisateurs\samandari\QA\PROJET AUTOMATISATION\S3\S3\Libs;D:\Utilisateurs\samandari\QA\PROJET AUTOMATISATION\S3\S3\Test Listeners;D:\Utilisateurs\samandari\QA\Outils\Katalon_Studio_Windows_64-7.7.1\configuration\org.eclipse.osgi\24\0\.cp\resources\basic-report\katalon-studio-report-plugin.jar;D:\Utilisateurs\samandari\QA\Outils\Katalon_Studio_Windows_64-7.7.1\configuration\resources\lib\aalto-xml-1.0.0.jar;D:\Utilisateurs\samandari\QA\Outils\Katalon_Studio_Windows_64-7.7.1\configuration\resources\lib\aspectjweaver-1.9.1.jar;D:\Utilisateurs\samandari\QA\Outils\Katalon_Studio_Windows_64-7.7.1\configuration\resources\lib\bcpkix-jdk15on-1.58.jar;D:\Utilisateurs\samandari\QA\Outils\Katalon_Studio_Windows_64-7.7.1\configuration\resources\lib\bcprov-jdk15on-1.58.jar;D:\Utilisateurs\samandari\QA\Outils\Katalon_Studio_Windows_64-7.7.1\configuration\resources\lib\browsermob-core-2.1.5.jar;D:\Utilisateurs\samandari\QA\Outils\Katalon_Studio_Windows_64-7.7.1\configuration\resources\lib\cglib-3.2.10.jar;D:\Utilisateurs\samandari\QA\Outils\Katalon_Studio_Windows_64-7.7.1\configuration\resources\lib\commons-codec-1.10.jar;D:\Utilisateurs\samandari\QA\Outils\Katalon_Studio_Windows_64-7.7.1\configuration\resources\lib\commons-collections4-4.1.jar;D:\Utilisateurs\samandari\QA\Outils\Katalon_Studio_Windows_64-7.7.1\configuration\resources\lib\commons-validator-1.6.jar;D:\Utilisateurs\samandari\QA\Outils\Katalon_Studio_Windows_64-7.7.1\configuration\resources\lib\curvesapi-1.04.jar;D:\Utilisateurs\samandari\QA\Outils\Katalon_Studio_Windows_64-7.7.1\configuration\resources\lib\dnsjava-2.1.8.jar;D:\Utilisateurs\samandari\QA\Outils\Katalon_Studio_Windows_64-7.7.1\configuration\resources\lib\java-client-7.0.0.jar;D:\Utilisateurs\samandari\QA\Outils\Katalon_Studio_Windows_64-7.
java_class_path (initial): D:\Utilisateurs\samandari\QA\PROJET AUTOMATISATION\S3\S3\bin\keyword;D:\Utilisateurs\samandari\QA\PROJET AUTOMATISATION\S3\S3\bin\listener;D:\Utilisateurs\samandari\QA\PROJET AUTOMATISATION\S3\S3\bin\lib;D:\Utilisateurs\samandari\QA\PROJET AUTOMATISATION\S3\S3\bin\groovy;D:\Utilisateurs\samandari\QA\PROJET AUTOMATISATION\S3\S3\bin;D:\Utilisateurs\samandari\QA\Outils\Katalon_Studio_Windows_64-7.7.1\plugins\com.kms.katalon.core_1.0.0.202009220546.jar;D:\Utilisateurs\samandari\QA\Outils\Katalon_Studio_Windows_64-7.7.1\configuration\resources\lib\aalto-xml-1.0.0.jar;D:\Utilisateurs\samandari\QA\Outils\Katalon_Studio_Windows_64-7.7.1\configuration\resources\lib\aspectjweaver-1.9.1.jar;D:\Utilisateurs\samandari\QA\Outils\Katalon_Studio_Windows_64-7.7.1\configuration\resources\lib\bcpkix-jdk15on-1.58.jar;D:\Utilisateurs\samandari\QA\Outils\Katalon_Studio_Windows_64-7.7.1\configuration\resources\lib\bcprov-jdk15on-1.58.jar;D:\Utilisateurs\samandari\QA\Outils\Katalon_Studio_Windows_64-7.7.1\configuration\resources\lib\browsermob-core-2.1.5.jar;D:\Utilisateurs\samandari\QA\Outils\Katalon_Studio_Windows_64-7.7.1\configuration\resources\lib\cglib-3.2.10.jar;D:\Utilisateurs\samandari\QA\Outils\Katalon_Studio_Windows_64-7.7.1\configuration\resources\lib\commons-codec-1.10.jar;D:\Utilisateurs\samandari\QA\Outils\Katalon_Studio_Windows_64-7.7.1\configuration\resources\lib\commons-collections4-4.1.jar;D:\Utilisateurs\samandari\QA\Outils\Katalon_Studio_Windows_64-7.7.1\configuration\resources\lib\commons-validator-1.6.jar;D:\Utilisateurs\samandari\QA\Outils\Katalon_Studio_Windows_64-7.7.1\configuration\resources\lib\curvesapi-1.04.jar;D:\Utilisateurs\samandari\QA\Outils\Katalon_Studio_Windows_64-7.7.1\configuration\resources\lib\dnsjava-2.1.8.jar;D:\Utilisateurs\samandari\QA\Outils\Katalon_Studio_Windows_64-7.7.1\configuration\resources\lib\java-client-7.0.0.jar;D:\Utilisateurs\samandari\QA\Outils\Katalon_Studio_Windows_64-7.7.1\configuration\resources\li
Launcher Type: SUN_STANDARD

Environment Variables:
JAVA_HOME=C:\Program Files\Java\jdk1.8.0_281
PATH=D:/Utilisateurs/samandari/QA/Outils/Katalon_Studio_Windows_64-7.7.1/jre/bin/server;D:/Utilisateurs/samandari/QA/Outils/Katalon_Studio_Windows_64-7.7.1/jre/bin;D:/Utilisateurs/samandari/QA/Outils/Katalon_Studio_Windows_64-7.7.1/jre/lib/amd64;C:\Program Files (x86)\Common Files\Oracle\Java\javapath;C:\ProgramData\Oracle\Java\javapath;C:\Python27\;C:\Python27\Scripts;C:\WINDOWS\system32;C:\WINDOWS;C:\WINDOWS\System32\Wbem;C:\WINDOWS\System32\WindowsPowerShell\v1.0\;C:\Program Files\PuTTY\;C:\Program Files\Git\cmd;C:\ProgramData\chocolatey\bin;C:\Program Files\Java\jdk1.8.0_281\bin;C:\Program Files\nodejs\;D:\Utilisateurs\samandari\AppData\Local\Microsoft\WindowsApps;D:\Utilisateurs\samandari\AppData\Roaming\npm;D:\Utilisateurs\samandari\QA\Outils\Katalon_Studio_Windows_64-7.7.1;
USERNAME=samandari
OS=Windows_NT
PROCESSOR_IDENTIFIER=Intel64 Family 6 Model 158 Stepping 10, GenuineIntel



---------------  S Y S T E M  ---------------

OS: Windows 10.0 , 64 bit Build 17763 (10.0.17763.475)

CPU:total 6 (initial active 6) (6 cores per cpu, 1 threads per core) family 6 model 158 stepping 10, cmov, cx8, fxsr, mmx, sse, sse2, sse3, ssse3, sse4.1, sse4.2, popcnt, avx, avx2, aes, clmul, erms, rtm, 3dnowpref, lzcnt, tsc, tscinvbit, bmi1, bmi2, adx

Memory: 4k page, physical 8236320k(574508k free), swap 20720924k(5444k free)

vm_info: Java HotSpot(TM) 64-Bit Server VM (25.181-b13) for windows-amd64 JRE (1.8.0_181-b13), built on Jul  7 2018 04:01:33 by "java_re" with MS VC++ 10.0 (VS2010)

time: Fri Apr 30 16:58:57 2021
elapsed time: 2 seconds (0d 0h 0m 2s)

