#
# There is insufficient memory for the Java Runtime Environment to continue.
# Native memory allocation (malloc) failed to allocate 1426016 bytes for Chunk::new
# Possible reasons:
#   The system is out of physical RAM or swap space
#   In 32 bit mode, the process size limit was hit
# Possible solutions:
#   Reduce memory load on the system
#   Increase physical memory or swap space
#   Check if swap backing store is full
#   Use 64 bit Java on a 64 bit OS
#   Decrease Java heap size (-Xmx/-Xms)
#   Decrease number of Java threads
#   Decrease Java thread stack sizes (-Xss)
#   Set larger code cache with -XX:ReservedCodeCacheSize=
# This output file may be truncated or incomplete.
#
#  Out of Memory Error (allocation.cpp:390), pid=2164, tid=0x0000000000007238
#
# JRE version: Java(TM) SE Runtime Environment (8.0_181-b13) (build 1.8.0_181-b13)
# Java VM: Java HotSpot(TM) 64-Bit Server VM (25.181-b13 mixed mode windows-amd64 compressed oops)
# Failed to write core dump. Minidumps are not enabled by default on client versions of Windows
#

---------------  T H R E A D  ---------------

Current thread (0x0000000017a48000):  JavaThread "C2 CompilerThread1" daemon [_thread_in_native, id=29240, stack(0x00000000197c0000,0x00000000198c0000)]

Stack: [0x00000000197c0000,0x00000000198c0000]
[error occurred during error reporting (printing stack bounds), id 0xc0000005]

Native frames: (J=compiled Java code, j=interpreted, Vv=VM code, C=native code)


Current CompileTask:
C2:  10502 3680       4       org.codehaus.groovy.control.ResolveVisitor::resolve (229 bytes)


---------------  P R O C E S S  ---------------

Java Threads: ( => current thread )
  0x000000001c07b000 JavaThread "Okio Watchdog" daemon [_thread_blocked, id=22804, stack(0x0000000020820000,0x0000000020920000)]
  0x000000001ea52000 JavaThread "OkHttp ConnectionPool" daemon [_thread_blocked, id=12388, stack(0x0000000020720000,0x0000000020820000)]
  0x000000001bc41000 JavaThread "ForkJoinPool.commonPool-worker-3" daemon [_thread_blocked, id=6264, stack(0x0000000020420000,0x0000000020520000)]
  0x000000001bc3f800 JavaThread "ForkJoinPool.commonPool-worker-1" daemon [_thread_blocked, id=10832, stack(0x0000000020220000,0x0000000020320000)]
  0x000000001ba1d000 JavaThread "Exec Stream Pumper" daemon [_thread_in_native, id=25160, stack(0x0000000020020000,0x0000000020120000)]
  0x000000001c6cd000 JavaThread "Exec Stream Pumper" daemon [_thread_in_native, id=10544, stack(0x000000001ff20000,0x0000000020020000)]
  0x000000001c6ce000 JavaThread "UrlChecker-2" daemon [_thread_blocked, id=28332, stack(0x000000001e7c0000,0x000000001e8c0000)]
  0x000000001baea000 JavaThread "Exec Default Executor" daemon [_thread_in_native, id=22828, stack(0x000000001c960000,0x000000001ca60000)]
  0x000000001993f800 JavaThread "Service Thread" daemon [_thread_blocked, id=12356, stack(0x0000000019dc0000,0x0000000019ec0000)]
  0x00000000198c0800 JavaThread "C1 CompilerThread2" daemon [_thread_blocked, id=8940, stack(0x0000000019cc0000,0x0000000019dc0000)]
=>0x0000000017a48000 JavaThread "C2 CompilerThread1" daemon [_thread_in_native, id=29240, stack(0x00000000197c0000,0x00000000198c0000)]
  0x0000000017a46000 JavaThread "C2 CompilerThread0" daemon [_thread_blocked, id=31420, stack(0x00000000196c0000,0x00000000197c0000)]
  0x0000000017a42800 JavaThread "Attach Listener" daemon [_thread_blocked, id=17880, stack(0x00000000195c0000,0x00000000196c0000)]
  0x0000000017a41800 JavaThread "Signal Dispatcher" daemon [_thread_blocked, id=26792, stack(0x00000000194c0000,0x00000000195c0000)]
  0x0000000017a28000 JavaThread "Finalizer" daemon [_thread_blocked, id=4908, stack(0x00000000192a0000,0x00000000193a0000)]
  0x0000000017a1e800 JavaThread "Reference Handler" daemon [_thread_blocked, id=16376, stack(0x00000000191a0000,0x00000000192a0000)]
  0x0000000002adf000 JavaThread "Forwarding executeAsyncScript on session 65e71571dd926b42850f1efc5d6ad5f8 to remote" [_thread_in_native, id=27864, stack(0x00000000029d0000,0x0000000002ad0000)]

Other Threads:
  0x00000000179f8000 VMThread [stack: 0x00000000190a0000,0x00000000191a0000] [id=32764]
  0x0000000019969000 WatcherThread [stack: 0x0000000019ec0000,0x0000000019fc0000] [id=18984]

VM state:not at safepoint (normal execution)

VM Mutex/Monitor currently owned by a thread: None

Heap:
 PSYoungGen      total 233472K, used 14738K [0x00000000d5580000, 0x00000000e6380000, 0x0000000100000000)
  eden space 222720K, 1% used [0x00000000d5580000,0x00000000d59cd968,0x00000000e2f00000)
  from space 10752K, 96% used [0x00000000e4e80000,0x00000000e5897158,0x00000000e5900000)
  to   space 3584K, 0% used [0x00000000e6000000,0x00000000e6000000,0x00000000e6380000)
 ParOldGen       total 59392K, used 13183K [0x0000000080000000, 0x0000000083a00000, 0x00000000d5580000)
  object space 59392K, 22% used [0x0000000080000000,0x0000000080cdffd8,0x0000000083a00000)
 Metaspace       used 29633K, capacity 30642K, committed 30848K, reserved 1077248K
  class space    used 3563K, capacity 3846K, committed 3968K, reserved 1048576K

Card table byte_map: [0x0000000011f90000,0x00000000123a0000] byte_map_base: 0x0000000011b90000

Marking Bits: (ParMarkBitMap*) 0x000000005b662d00
 Begin Bits: [0x0000000012c50000, 0x0000000014c50000)
 End Bits:   [0x0000000014c50000, 0x0000000016c50000)

Polling page: 0x00000000011a0000

CodeCache: size=245760Kb used=11765Kb max_used=14018Kb free=233994Kb
 bounds [0x0000000002bd0000, 0x0000000003990000, 0x0000000011bd0000]
 total_blobs=3841 nmethods=3164 adapters=588
 compilation: enabled

Compilation events (10 events):
Event: 10.464 Thread 0x00000000198c0800 3692       3       org.openqa.selenium.json.JsonTypeCoercer::lambda$null$6 (24 bytes)
Event: 10.464 Thread 0x00000000198c0800 nmethod 3692 0x0000000002ce61d0 code [0x0000000002ce63a0, 0x0000000002ce68d8]
Event: 10.464 Thread 0x00000000198c0800 3693       1       org.openqa.selenium.remote.http.HttpRequest::getUri (5 bytes)
Event: 10.464 Thread 0x00000000198c0800 nmethod 3693 0x000000000311ce90 code [0x000000000311cfe0, 0x000000000311d0f0]
Event: 10.465 Thread 0x00000000198c0800 3694       1       okhttp3.internal.http.RealInterceptorChain::readTimeoutMillis (5 bytes)
Event: 10.465 Thread 0x00000000198c0800 nmethod 3694 0x00000000031cf3d0 code [0x00000000031cf520, 0x00000000031cf630]
Event: 10.466 Thread 0x00000000198c0800 3695  s    1       okhttp3.internal.connection.StreamAllocation::connection (5 bytes)
Event: 10.466 Thread 0x00000000198c0800 nmethod 3695 0x0000000002d38c10 code [0x0000000002d38d60, 0x0000000002d38fd0]
Event: 10.466 Thread 0x00000000198c0800 3696       3       java.lang.Thread::interrupted (8 bytes)
Event: 10.466 Thread 0x00000000198c0800 nmethod 3696 0x0000000002d06790 code [0x0000000002d06900, 0x0000000002d06a88]

GC Heap History (10 events):
Event: 1.637 GC heap before
{Heap before GC invocations=6 (full 0):
 PSYoungGen      total 70656K, used 70646K [0x00000000d5580000, 0x00000000dea80000, 0x0000000100000000)
  eden space 65536K, 100% used [0x00000000d5580000,0x00000000d9580000,0x00000000d9580000)
  from space 5120K, 99% used [0x00000000d9580000,0x00000000d9a7db40,0x00000000d9a80000)
  to   space 10752K, 0% used [0x00000000de000000,0x00000000de000000,0x00000000dea80000)
 ParOldGen       total 86016K, used 8677K [0x0000000080000000, 0x0000000085400000, 0x00000000d5580000)
  object space 86016K, 10% used [0x0000000080000000,0x0000000080879660,0x0000000085400000)
 Metaspace       used 20697K, capacity 21046K, committed 21296K, reserved 1069056K
  class space    used 2290K, capacity 2406K, committed 2432K, reserved 1048576K
Event: 1.642 GC heap after
Heap after GC invocations=6 (full 0):
 PSYoungGen      total 141824K, used 8377K [0x00000000d5580000, 0x00000000dea80000, 0x0000000100000000)
  eden space 131072K, 0% used [0x00000000d5580000,0x00000000d5580000,0x00000000dd580000)
  from space 10752K, 77% used [0x00000000de000000,0x00000000de82e650,0x00000000dea80000)
  to   space 10752K, 0% used [0x00000000dd580000,0x00000000dd580000,0x00000000de000000)
 ParOldGen       total 86016K, used 8685K [0x0000000080000000, 0x0000000085400000, 0x00000000d5580000)
  object space 86016K, 10% used [0x0000000080000000,0x000000008087b660,0x0000000085400000)
 Metaspace       used 20697K, capacity 21046K, committed 21296K, reserved 1069056K
  class space    used 2290K, capacity 2406K, committed 2432K, reserved 1048576K
}
Event: 1.663 GC heap before
{Heap before GC invocations=7 (full 0):
 PSYoungGen      total 141824K, used 13730K [0x00000000d5580000, 0x00000000dea80000, 0x0000000100000000)
  eden space 131072K, 4% used [0x00000000d5580000,0x00000000d5aba478,0x00000000dd580000)
  from space 10752K, 77% used [0x00000000de000000,0x00000000de82e650,0x00000000dea80000)
  to   space 10752K, 0% used [0x00000000dd580000,0x00000000dd580000,0x00000000de000000)
 ParOldGen       total 86016K, used 8685K [0x0000000080000000, 0x0000000085400000, 0x00000000d5580000)
  object space 86016K, 10% used [0x0000000080000000,0x000000008087b660,0x0000000085400000)
 Metaspace       used 20811K, capacity 21116K, committed 21296K, reserved 1069056K
  class space    used 2295K, capacity 2408K, committed 2432K, reserved 1048576K
Event: 1.668 GC heap after
Heap after GC invocations=7 (full 0):
 PSYoungGen      total 141824K, used 6549K [0x00000000d5580000, 0x00000000e6a80000, 0x0000000100000000)
  eden space 131072K, 0% used [0x00000000d5580000,0x00000000d5580000,0x00000000dd580000)
  from space 10752K, 60% used [0x00000000dd580000,0x00000000ddbe54c0,0x00000000de000000)
  to   space 10752K, 0% used [0x00000000e6000000,0x00000000e6000000,0x00000000e6a80000)
 ParOldGen       total 86016K, used 11007K [0x0000000080000000, 0x0000000085400000, 0x00000000d5580000)
  object space 86016K, 12% used [0x0000000080000000,0x0000000080abfd10,0x0000000085400000)
 Metaspace       used 20811K, capacity 21116K, committed 21296K, reserved 1069056K
  class space    used 2295K, capacity 2408K, committed 2432K, reserved 1048576K
}
Event: 1.668 GC heap before
{Heap before GC invocations=8 (full 1):
 PSYoungGen      total 141824K, used 6549K [0x00000000d5580000, 0x00000000e6a80000, 0x0000000100000000)
  eden space 131072K, 0% used [0x00000000d5580000,0x00000000d5580000,0x00000000dd580000)
  from space 10752K, 60% used [0x00000000dd580000,0x00000000ddbe54c0,0x00000000de000000)
  to   space 10752K, 0% used [0x00000000e6000000,0x00000000e6000000,0x00000000e6a80000)
 ParOldGen       total 86016K, used 11007K [0x0000000080000000, 0x0000000085400000, 0x00000000d5580000)
  object space 86016K, 12% used [0x0000000080000000,0x0000000080abfd10,0x0000000085400000)
 Metaspace       used 20811K, capacity 21116K, committed 21296K, reserved 1069056K
  class space    used 2295K, capacity 2408K, committed 2432K, reserved 1048576K
Event: 1.699 GC heap after
Heap after GC invocations=8 (full 1):
 PSYoungGen      total 141824K, used 0K [0x00000000d5580000, 0x00000000e6a80000, 0x0000000100000000)
  eden space 131072K, 0% used [0x00000000d5580000,0x00000000d5580000,0x00000000dd580000)
  from space 10752K, 0% used [0x00000000dd580000,0x00000000dd580000,0x00000000de000000)
  to   space 10752K, 0% used [0x00000000e6000000,0x00000000e6000000,0x00000000e6a80000)
 ParOldGen       total 59392K, used 13167K [0x0000000080000000, 0x0000000083a00000, 0x00000000d5580000)
  object space 59392K, 22% used [0x0000000080000000,0x0000000080cdbfd8,0x0000000083a00000)
 Metaspace       used 20811K, capacity 21116K, committed 21296K, reserved 1069056K
  class space    used 2295K, capacity 2408K, committed 2432K, reserved 1048576K
}
Event: 2.320 GC heap before
{Heap before GC invocations=9 (full 1):
 PSYoungGen      total 141824K, used 131072K [0x00000000d5580000, 0x00000000e6a80000, 0x0000000100000000)
  eden space 131072K, 100% used [0x00000000d5580000,0x00000000dd580000,0x00000000dd580000)
  from space 10752K, 0% used [0x00000000dd580000,0x00000000dd580000,0x00000000de000000)
  to   space 10752K, 0% used [0x00000000e6000000,0x00000000e6000000,0x00000000e6a80000)
 ParOldGen       total 59392K, used 13167K [0x0000000080000000, 0x0000000083a00000, 0x00000000d5580000)
  object space 59392K, 22% used [0x0000000080000000,0x0000000080cdbfd8,0x0000000083a00000)
 Metaspace       used 22396K, capacity 22836K, committed 23088K, reserved 1069056K
  class space    used 2561K, capacity 2680K, committed 2688K, reserved 1048576K
Event: 2.322 GC heap after
Heap after GC invocations=9 (full 1):
 PSYoungGen      total 226304K, used 3200K [0x00000000d5580000, 0x00000000e6380000, 0x0000000100000000)
  eden space 222720K, 0% used [0x00000000d5580000,0x00000000d5580000,0x00000000e2f00000)
  from space 3584K, 89% used [0x00000000e6000000,0x00000000e6320000,0x00000000e6380000)
  to   space 10752K, 0% used [0x00000000e4e80000,0x00000000e4e80000,0x00000000e5900000)
 ParOldGen       total 59392K, used 13175K [0x0000000080000000, 0x0000000083a00000, 0x00000000d5580000)
  object space 59392K, 22% used [0x0000000080000000,0x0000000080cddfd8,0x0000000083a00000)
 Metaspace       used 22396K, capacity 22836K, committed 23088K, reserved 1069056K
  class space    used 2561K, capacity 2680K, committed 2688K, reserved 1048576K
}
Event: 10.324 GC heap before
{Heap before GC invocations=10 (full 1):
 PSYoungGen      total 226304K, used 225920K [0x00000000d5580000, 0x00000000e6380000, 0x0000000100000000)
  eden space 222720K, 100% used [0x00000000d5580000,0x00000000e2f00000,0x00000000e2f00000)
  from space 3584K, 89% used [0x00000000e6000000,0x00000000e6320000,0x00000000e6380000)
  to   space 10752K, 0% used [0x00000000e4e80000,0x00000000e4e80000,0x00000000e5900000)
 ParOldGen       total 59392K, used 13175K [0x0000000080000000, 0x0000000083a00000, 0x00000000d5580000)
  object space 59392K, 22% used [0x0000000080000000,0x0000000080cddfd8,0x0000000083a00000)
 Metaspace       used 29622K, capacity 30642K, committed 30848K, reserved 1077248K
  class space    used 3563K, capacity 3846K, committed 3968K, reserved 1048576K
Event: 10.335 GC heap after
Heap after GC invocations=10 (full 1):
 PSYoungGen      total 233472K, used 10332K [0x00000000d5580000, 0x00000000e6380000, 0x0000000100000000)
  eden space 222720K, 0% used [0x00000000d5580000,0x00000000d5580000,0x00000000e2f00000)
  from space 10752K, 96% used [0x00000000e4e80000,0x00000000e5897158,0x00000000e5900000)
  to   space 3584K, 0% used [0x00000000e6000000,0x00000000e6000000,0x00000000e6380000)
 ParOldGen       total 59392K, used 13183K [0x0000000080000000, 0x0000000083a00000, 0x00000000d5580000)
  object space 59392K, 22% used [0x0000000080000000,0x0000000080cdffd8,0x0000000083a00000)
 Metaspace       used 29622K, capacity 30642K, committed 30848K, reserved 1077248K
  class space    used 3563K, capacity 3846K, committed 3968K, reserved 1048576K
}

Deoptimization events (10 events):
Event: 4.804 Thread 0x0000000002adf000 Uncommon trap: reason=unstable_if action=reinterpret pc=0x0000000002f3136c method=java.util.HashMap.getNode(ILjava/lang/Object;)Ljava/util/HashMap$Node; @ 129
Event: 4.804 Thread 0x0000000002adf000 Uncommon trap: reason=bimorphic action=maybe_recompile pc=0x00000000036577d8 method=java.util.HashMap.putVal(ILjava/lang/Object;Ljava/lang/Object;ZZ)Ljava/lang/Object; @ 203
Event: 4.804 Thread 0x0000000002adf000 Uncommon trap: reason=unstable_if action=reinterpret pc=0x0000000002f2e450 method=java.util.HashMap.getNode(ILjava/lang/Object;)Ljava/util/HashMap$Node; @ 129
Event: 4.804 Thread 0x0000000002adf000 Uncommon trap: reason=bimorphic action=maybe_recompile pc=0x00000000036577d8 method=java.util.HashMap.putVal(ILjava/lang/Object;Ljava/lang/Object;ZZ)Ljava/lang/Object; @ 203
Event: 4.816 Thread 0x0000000002adf000 Uncommon trap: reason=class_check action=maybe_recompile pc=0x0000000003579590 method=java.util.regex.Matcher.match(II)Z @ 86
Event: 4.994 Thread 0x0000000002adf000 Uncommon trap: reason=unstable_if action=reinterpret pc=0x0000000003705d6c method=java.lang.CharacterDataLatin1.digit(II)I @ 60
Event: 4.996 Thread 0x0000000002adf000 Uncommon trap: reason=unstable_if action=reinterpret pc=0x0000000003330538 method=groovy.lang.MetaClassImpl.checkIfStdMethod(Lgroovy/lang/MetaMethod;)V @ 9
Event: 5.062 Thread 0x0000000002adf000 Uncommon trap: reason=unstable_if action=reinterpret pc=0x0000000003624124 method=java.lang.CharacterDataLatin1.digit(II)I @ 60
Event: 5.094 Thread 0x0000000002adf000 Uncommon trap: reason=bimorphic action=maybe_recompile pc=0x0000000003215e4c method=java.net.URL.<init>(Ljava/net/URL;Ljava/lang/String;Ljava/net/URLStreamHandler;)V @ 504
Event: 5.900 Thread 0x0000000002adf000 Uncommon trap: reason=unstable_if action=reinterpret pc=0x00000000037b9bf0 method=java.lang.Character.isHighSurrogate(C)Z @ 3

Classes redefined (0 events):
No events

Internal exceptions (10 events):
Event: 10.313 Thread 0x0000000002adf000 Exception <a 'java/security/PrivilegedActionException'> (0x00000000e2c2ff58) thrown at [C:\re\workspace\8-2-build-windows-amd64-cygwin\jdk8u181\11358\hotspot\src\share\vm\prims\jvm.cpp, line 1435]
Event: 10.313 Thread 0x0000000002adf000 Exception <a 'java/security/PrivilegedActionException'> (0x00000000e2c30538) thrown at [C:\re\workspace\8-2-build-windows-amd64-cygwin\jdk8u181\11358\hotspot\src\share\vm\prims\jvm.cpp, line 1435]
Event: 10.317 Thread 0x0000000002adf000 Exception <a 'java/security/PrivilegedActionException'> (0x00000000e2da92d0) thrown at [C:\re\workspace\8-2-build-windows-amd64-cygwin\jdk8u181\11358\hotspot\src\share\vm\prims\jvm.cpp, line 1435]
Event: 10.317 Thread 0x0000000002adf000 Exception <a 'java/security/PrivilegedActionException'> (0x00000000e2da98b0) thrown at [C:\re\workspace\8-2-build-windows-amd64-cygwin\jdk8u181\11358\hotspot\src\share\vm\prims\jvm.cpp, line 1435]
Event: 10.317 Thread 0x0000000002adf000 Exception <a 'java/security/PrivilegedActionException'> (0x00000000e2db0930) thrown at [C:\re\workspace\8-2-build-windows-amd64-cygwin\jdk8u181\11358\hotspot\src\share\vm\prims\jvm.cpp, line 1435]
Event: 10.317 Thread 0x0000000002adf000 Exception <a 'java/security/PrivilegedActionException'> (0x00000000e2db0f10) thrown at [C:\re\workspace\8-2-build-windows-amd64-cygwin\jdk8u181\11358\hotspot\src\share\vm\prims\jvm.cpp, line 1435]
Event: 10.321 Thread 0x0000000002adf000 Exception <a 'java/lang/ClassNotFoundException': Script1BeanInfo> (0x00000000e2e9eb80) thrown at [C:\re\workspace\8-2-build-windows-amd64-cygwin\jdk8u181\11358\hotspot\src\share\vm\classfile\systemDictionary.cpp, line 210]
Event: 10.322 Thread 0x0000000002adf000 Exception <a 'java/lang/ClassNotFoundException': Script1Customizer> (0x00000000e2ece860) thrown at [C:\re\workspace\8-2-build-windows-amd64-cygwin\jdk8u181\11358\hotspot\src\share\vm\classfile\systemDictionary.cpp, line 210]
Event: 10.352 Thread 0x0000000002adf000 Exception <a 'java/net/SocketTimeoutException': Read timed out> (0x00000000d5744548) thrown at [C:\re\workspace\8-2-build-windows-amd64-cygwin\jdk8u181\11358\hotspot\src\share\vm\prims\jni.cpp, line 735]
Event: 10.465 Thread 0x0000000002adf000 Exception <a 'java/net/SocketTimeoutException': Read timed out> (0x00000000d575fe08) thrown at [C:\re\workspace\8-2-build-windows-amd64-cygwin\jdk8u181\11358\hotspot\src\share\vm\prims\jni.cpp, line 735]

Events (10 events):
Event: 10.466 Thread 0x00000000198c0800 flushing nmethod 0x0000000003654b50
Event: 10.466 Thread 0x00000000198c0800 flushing nmethod 0x0000000003656e90
Event: 10.466 Thread 0x00000000198c0800 flushing nmethod 0x0000000003661ed0
Event: 10.466 Thread 0x00000000198c0800 flushing nmethod 0x0000000003690350
Event: 10.466 Thread 0x00000000198c0800 flushing nmethod 0x00000000036d8490
Event: 10.466 Thread 0x00000000198c0800 flushing nmethod 0x00000000037076d0
Event: 10.466 Thread 0x00000000198c0800 flushing nmethod 0x00000000037079d0
Event: 10.466 Thread 0x00000000198c0800 flushing nmethod 0x0000000003725990
Event: 10.466 Thread 0x00000000198c0800 flushing nmethod 0x0000000003765e50
Event: 10.466 Thread 0x00000000198c0800 flushing nmethod 0x0000000003780410


Dynamic libraries:
0x00007ff76de80000 - 0x00007ff76deb7000 	D:\Utilisateurs\samandari\QA\Outils\Katalon_Studio_Windows_64-7.7.1\jre\bin\javaw.exe
0x00007ff9c7240000 - 0x00007ff9c742d000 	C:\WINDOWS\SYSTEM32\ntdll.dll
0x00007ff9c4aa0000 - 0x00007ff9c4b53000 	C:\WINDOWS\System32\KERNEL32.DLL
0x00007ff9c41c0000 - 0x00007ff9c4455000 	C:\WINDOWS\System32\KERNELBASE.dll
0x000000005d100000 - 0x000000005d1a6000 	C:\WINDOWS\System32\SYSFER.DLL
0x00007ff9c45e0000 - 0x00007ff9c4683000 	C:\WINDOWS\System32\ADVAPI32.dll
0x00007ff9c5330000 - 0x00007ff9c53ce000 	C:\WINDOWS\System32\msvcrt.dll
0x00007ff9c53d0000 - 0x00007ff9c546e000 	C:\WINDOWS\System32\sechost.dll
0x00007ff9c4860000 - 0x00007ff9c4982000 	C:\WINDOWS\System32\RPCRT4.dll
0x00007ff9c4e90000 - 0x00007ff9c5027000 	C:\WINDOWS\System32\USER32.dll
0x00007ff9c3cc0000 - 0x00007ff9c3ce0000 	C:\WINDOWS\System32\win32u.dll
0x00007ff9c4690000 - 0x00007ff9c46b9000 	C:\WINDOWS\System32\GDI32.dll
0x00007ff9c4020000 - 0x00007ff9c41bc000 	C:\WINDOWS\System32\gdi32full.dll
0x00007ff9c3c20000 - 0x00007ff9c3cc0000 	C:\WINDOWS\System32\msvcp_win.dll
0x00007ff9c3b20000 - 0x00007ff9c3c1a000 	C:\WINDOWS\System32\ucrtbase.dll
0x00007ff9b8780000 - 0x00007ff9b89f9000 	C:\WINDOWS\WinSxS\amd64_microsoft.windows.common-controls_6595b64144ccf1df_6.0.17763.1577_none_de7444545348a3d0\COMCTL32.dll
0x00007ff9c4b60000 - 0x00007ff9c4e8d000 	C:\WINDOWS\System32\combase.dll
0x00007ff9c3340000 - 0x00007ff9c33be000 	C:\WINDOWS\System32\bcryptPrimitives.dll
0x00007ff9c4830000 - 0x00007ff9c485e000 	C:\WINDOWS\System32\IMM32.DLL
0x000000005a4d0000 - 0x000000005a5a2000 	D:\Utilisateurs\samandari\QA\Outils\Katalon_Studio_Windows_64-7.7.1\jre\bin\msvcr100.dll
0x000000005ae40000 - 0x000000005b6e2000 	D:\Utilisateurs\samandari\QA\Outils\Katalon_Studio_Windows_64-7.7.1\jre\bin\server\jvm.dll
0x00007ff9c7000000 - 0x00007ff9c7008000 	C:\WINDOWS\System32\PSAPI.DLL
0x00007ff9b3890000 - 0x00007ff9b3899000 	C:\WINDOWS\SYSTEM32\WSOCK32.dll
0x00007ff9c5210000 - 0x00007ff9c527d000 	C:\WINDOWS\System32\WS2_32.dll
0x00007ff9b86a0000 - 0x00007ff9b86c4000 	C:\WINDOWS\SYSTEM32\WINMM.dll
0x00007ff9ba300000 - 0x00007ff9ba30a000 	C:\WINDOWS\SYSTEM32\VERSION.dll
0x00007ff9b8670000 - 0x00007ff9b869d000 	C:\WINDOWS\SYSTEM32\WINMMBASE.dll
0x00007ff9c32f0000 - 0x00007ff9c333a000 	C:\WINDOWS\System32\cfgmgr32.dll
0x000000005ce00000 - 0x000000005ce0f000 	D:\Utilisateurs\samandari\QA\Outils\Katalon_Studio_Windows_64-7.7.1\jre\bin\verify.dll
0x000000005cdd0000 - 0x000000005cdf9000 	D:\Utilisateurs\samandari\QA\Outils\Katalon_Studio_Windows_64-7.7.1\jre\bin\java.dll
0x000000005c4f0000 - 0x000000005c506000 	D:\Utilisateurs\samandari\QA\Outils\Katalon_Studio_Windows_64-7.7.1\jre\bin\zip.dll
0x00007ff9c5950000 - 0x00007ff9c6e49000 	C:\WINDOWS\System32\SHELL32.dll
0x00007ff9c49f0000 - 0x00007ff9c4a98000 	C:\WINDOWS\System32\shcore.dll
0x00007ff9c33c0000 - 0x00007ff9c3b13000 	C:\WINDOWS\System32\windows.storage.dll
0x00007ff9c32c0000 - 0x00007ff9c32e4000 	C:\WINDOWS\System32\profapi.dll
0x00007ff9c3220000 - 0x00007ff9c327d000 	C:\WINDOWS\System32\powrprof.dll
0x00007ff9c5470000 - 0x00007ff9c54c2000 	C:\WINDOWS\System32\shlwapi.dll
0x00007ff9c3280000 - 0x00007ff9c3291000 	C:\WINDOWS\System32\kernel.appcore.dll
0x00007ff9c3ce0000 - 0x00007ff9c3cf7000 	C:\WINDOWS\System32\cryptsp.dll
0x000000005c4d0000 - 0x000000005c4ea000 	D:\Utilisateurs\samandari\QA\Outils\Katalon_Studio_Windows_64-7.7.1\jre\bin\net.dll
0x00007ff9c2a90000 - 0x00007ff9c2af7000 	C:\WINDOWS\system32\mswsock.dll
0x000000005c4b0000 - 0x000000005c4c1000 	D:\Utilisateurs\samandari\QA\Outils\Katalon_Studio_Windows_64-7.7.1\jre\bin\nio.dll
0x00007ff9c27f0000 - 0x00007ff9c28b6000 	C:\WINDOWS\SYSTEM32\DNSAPI.dll
0x00007ff9c5200000 - 0x00007ff9c5208000 	C:\WINDOWS\System32\NSI.dll
0x00007ff9c27b0000 - 0x00007ff9c27ed000 	C:\WINDOWS\SYSTEM32\IPHLPAPI.DLL
0x00007ff9bcc30000 - 0x00007ff9bcc3a000 	C:\Windows\System32\rasadhlp.dll
0x00007ff9c1210000 - 0x00007ff9c1289000 	C:\WINDOWS\System32\fwpuclnt.dll
0x00007ff9c3ff0000 - 0x00007ff9c4016000 	C:\WINDOWS\System32\bcrypt.dll
0x000000005ad20000 - 0x000000005ad44000 	D:\Utilisateurs\samandari\QA\Outils\Katalon_Studio_Windows_64-7.7.1\jre\bin\sunec.dll
0x000000005ad10000 - 0x000000005ad1b000 	D:\Utilisateurs\samandari\QA\Outils\Katalon_Studio_Windows_64-7.7.1\jre\bin\sunmscapi.dll
0x00007ff9c3e10000 - 0x00007ff9c3fec000 	C:\WINDOWS\System32\CRYPT32.dll
0x00007ff9c32a0000 - 0x00007ff9c32b2000 	C:\WINDOWS\System32\MSASN1.dll
0x00007ff9c0f90000 - 0x00007ff9c0fa6000 	C:\WINDOWS\SYSTEM32\dhcpcsvc6.DLL
0x00007ff9c0f70000 - 0x00007ff9c0f8c000 	C:\WINDOWS\SYSTEM32\dhcpcsvc.DLL
0x00007ff9c2610000 - 0x00007ff9c2643000 	C:\WINDOWS\system32\rsaenh.dll
0x00007ff9c3120000 - 0x00007ff9c3149000 	C:\WINDOWS\SYSTEM32\USERENV.dll
0x00007ff9c2c60000 - 0x00007ff9c2c6c000 	C:\WINDOWS\SYSTEM32\CRYPTBASE.dll
0x00007ff9b2780000 - 0x00007ff9b2796000 	C:\WINDOWS\system32\napinsp.dll
0x00007ff9b2300000 - 0x00007ff9b231a000 	C:\WINDOWS\system32\pnrpnsp.dll
0x00007ff9b3860000 - 0x00007ff9b386e000 	C:\WINDOWS\System32\winrnr.dll
0x00007ff9be9b0000 - 0x00007ff9be9cb000 	C:\WINDOWS\system32\NLAapi.dll
0x00007ff9bd6a0000 - 0x00007ff9bd6b5000 	C:\WINDOWS\system32\wshbth.dll

VM Arguments:
jvm_args: -Dgroovy.home=/D:/Utilisateurs/samandari/QA/Outils/Katalon_Studio_Windows_64-7.7.1/plugins/org.codehaus.groovy_2.4.7.xx-201611170128-e46/ -Xmx2048m -Dfile.encoding=UTF-8 
java_command: org.codehaus.groovy.tools.GroovyStarter --classpath D:\Utilisateurs\samandari\QA\PROJET AUTOMATISATION\S3\S3\Include\scripts\groovy;D:\Utilisateurs\samandari\QA\PROJET AUTOMATISATION\S3\S3\Keywords;D:\Utilisateurs\samandari\QA\PROJET AUTOMATISATION\S3\S3\Libs;D:\Utilisateurs\samandari\QA\PROJET AUTOMATISATION\S3\S3\Test Listeners;D:\Utilisateurs\samandari\QA\Outils\Katalon_Studio_Windows_64-7.7.1\configuration\org.eclipse.osgi\24\0\.cp\resources\basic-report\katalon-studio-report-plugin.jar;D:\Utilisateurs\samandari\QA\Outils\Katalon_Studio_Windows_64-7.7.1\configuration\resources\lib\aalto-xml-1.0.0.jar;D:\Utilisateurs\samandari\QA\Outils\Katalon_Studio_Windows_64-7.7.1\configuration\resources\lib\aspectjweaver-1.9.1.jar;D:\Utilisateurs\samandari\QA\Outils\Katalon_Studio_Windows_64-7.7.1\configuration\resources\lib\bcpkix-jdk15on-1.58.jar;D:\Utilisateurs\samandari\QA\Outils\Katalon_Studio_Windows_64-7.7.1\configuration\resources\lib\bcprov-jdk15on-1.58.jar;D:\Utilisateurs\samandari\QA\Outils\Katalon_Studio_Windows_64-7.7.1\configuration\resources\lib\browsermob-core-2.1.5.jar;D:\Utilisateurs\samandari\QA\Outils\Katalon_Studio_Windows_64-7.7.1\configuration\resources\lib\cglib-3.2.10.jar;D:\Utilisateurs\samandari\QA\Outils\Katalon_Studio_Windows_64-7.7.1\configuration\resources\lib\commons-codec-1.10.jar;D:\Utilisateurs\samandari\QA\Outils\Katalon_Studio_Windows_64-7.7.1\configuration\resources\lib\commons-collections4-4.1.jar;D:\Utilisateurs\samandari\QA\Outils\Katalon_Studio_Windows_64-7.7.1\configuration\resources\lib\commons-validator-1.6.jar;D:\Utilisateurs\samandari\QA\Outils\Katalon_Studio_Windows_64-7.7.1\configuration\resources\lib\curvesapi-1.04.jar;D:\Utilisateurs\samandari\QA\Outils\Katalon_Studio_Windows_64-7.7.1\configuration\resources\lib\dnsjava-2.1.8.jar;D:\Utilisateurs\samandari\QA\Outils\Katalon_Studio_Windows_64-7.7.1\configuration\resources\lib\java-client-7.0.0.jar;D:\Utilisateurs\samandari\QA\Outils\Katalon_Studio_Windows_64-7.
java_class_path (initial): D:\Utilisateurs\samandari\QA\PROJET AUTOMATISATION\S3\S3\bin\keyword;D:\Utilisateurs\samandari\QA\PROJET AUTOMATISATION\S3\S3\bin\listener;D:\Utilisateurs\samandari\QA\PROJET AUTOMATISATION\S3\S3\bin\lib;D:\Utilisateurs\samandari\QA\PROJET AUTOMATISATION\S3\S3\bin\groovy;D:\Utilisateurs\samandari\QA\PROJET AUTOMATISATION\S3\S3\bin;D:\Utilisateurs\samandari\QA\Outils\Katalon_Studio_Windows_64-7.7.1\plugins\com.kms.katalon.core_1.0.0.202009220546.jar;D:\Utilisateurs\samandari\QA\Outils\Katalon_Studio_Windows_64-7.7.1\configuration\resources\lib\aalto-xml-1.0.0.jar;D:\Utilisateurs\samandari\QA\Outils\Katalon_Studio_Windows_64-7.7.1\configuration\resources\lib\aspectjweaver-1.9.1.jar;D:\Utilisateurs\samandari\QA\Outils\Katalon_Studio_Windows_64-7.7.1\configuration\resources\lib\bcpkix-jdk15on-1.58.jar;D:\Utilisateurs\samandari\QA\Outils\Katalon_Studio_Windows_64-7.7.1\configuration\resources\lib\bcprov-jdk15on-1.58.jar;D:\Utilisateurs\samandari\QA\Outils\Katalon_Studio_Windows_64-7.7.1\configuration\resources\lib\browsermob-core-2.1.5.jar;D:\Utilisateurs\samandari\QA\Outils\Katalon_Studio_Windows_64-7.7.1\configuration\resources\lib\cglib-3.2.10.jar;D:\Utilisateurs\samandari\QA\Outils\Katalon_Studio_Windows_64-7.7.1\configuration\resources\lib\commons-codec-1.10.jar;D:\Utilisateurs\samandari\QA\Outils\Katalon_Studio_Windows_64-7.7.1\configuration\resources\lib\commons-collections4-4.1.jar;D:\Utilisateurs\samandari\QA\Outils\Katalon_Studio_Windows_64-7.7.1\configuration\resources\lib\commons-validator-1.6.jar;D:\Utilisateurs\samandari\QA\Outils\Katalon_Studio_Windows_64-7.7.1\configuration\resources\lib\curvesapi-1.04.jar;D:\Utilisateurs\samandari\QA\Outils\Katalon_Studio_Windows_64-7.7.1\configuration\resources\lib\dnsjava-2.1.8.jar;D:\Utilisateurs\samandari\QA\Outils\Katalon_Studio_Windows_64-7.7.1\configuration\resources\lib\java-client-7.0.0.jar;D:\Utilisateurs\samandari\QA\Outils\Katalon_Studio_Windows_64-7.7.1\configuration\resources\li
Launcher Type: SUN_STANDARD

Environment Variables:
JAVA_HOME=C:\Program Files\Java\jdk1.8.0_281
PATH=D:/Utilisateurs/samandari/QA/Outils/Katalon_Studio_Windows_64-7.7.1/jre/bin/server;D:/Utilisateurs/samandari/QA/Outils/Katalon_Studio_Windows_64-7.7.1/jre/bin;D:/Utilisateurs/samandari/QA/Outils/Katalon_Studio_Windows_64-7.7.1/jre/lib/amd64;C:\Program Files (x86)\Common Files\Oracle\Java\javapath;C:\ProgramData\Oracle\Java\javapath;C:\Python27\;C:\Python27\Scripts;C:\WINDOWS\system32;C:\WINDOWS;C:\WINDOWS\System32\Wbem;C:\WINDOWS\System32\WindowsPowerShell\v1.0\;C:\Program Files\PuTTY\;C:\Program Files\Git\cmd;C:\ProgramData\chocolatey\bin;C:\Program Files\Java\jdk1.8.0_281\bin;C:\Program Files\nodejs\;D:\Utilisateurs\samandari\AppData\Local\Microsoft\WindowsApps;D:\Utilisateurs\samandari\AppData\Roaming\npm;D:\Utilisateurs\samandari\QA\Outils\Katalon_Studio_Windows_64-7.7.1;
USERNAME=samandari
OS=Windows_NT
PROCESSOR_IDENTIFIER=Intel64 Family 6 Model 158 Stepping 10, GenuineIntel



---------------  S Y S T E M  ---------------

OS: Windows 10.0 , 64 bit Build 17763 (10.0.17763.475)

CPU:total 6 (initial active 6) (6 cores per cpu, 1 threads per core) family 6 model 158 stepping 10, cmov, cx8, fxsr, mmx, sse, sse2, sse3, ssse3, sse4.1, sse4.2, popcnt, avx, avx2, aes, clmul, erms, rtm, 3dnowpref, lzcnt, tsc, tscinvbit, bmi1, bmi2, adx

Memory: 4k page, physical 8236320k(516260k free), swap 20720924k(7072k free)

vm_info: Java HotSpot(TM) 64-Bit Server VM (25.181-b13) for windows-amd64 JRE (1.8.0_181-b13), built on Jul  7 2018 04:01:33 by "java_re" with MS VC++ 10.0 (VS2010)

time: Fri Apr 30 16:48:34 2021
elapsed time: 10 seconds (0d 0h 0m 10s)

