#
# There is insufficient memory for the Java Runtime Environment to continue.
# Native memory allocation (malloc) failed to allocate 1361376 bytes for Chunk::new
# Possible reasons:
#   The system is out of physical RAM or swap space
#   In 32 bit mode, the process size limit was hit
# Possible solutions:
#   Reduce memory load on the system
#   Increase physical memory or swap space
#   Check if swap backing store is full
#   Use 64 bit Java on a 64 bit OS
#   Decrease Java heap size (-Xmx/-Xms)
#   Decrease number of Java threads
#   Decrease Java thread stack sizes (-Xss)
#   Set larger code cache with -XX:ReservedCodeCacheSize=
# This output file may be truncated or incomplete.
#
#  Out of Memory Error (allocation.cpp:390), pid=26908, tid=0x0000000000001834
#
# JRE version: Java(TM) SE Runtime Environment (8.0_181-b13) (build 1.8.0_181-b13)
# Java VM: Java HotSpot(TM) 64-Bit Server VM (25.181-b13 mixed mode windows-amd64 compressed oops)
# Failed to write core dump. Minidumps are not enabled by default on client versions of Windows
#

---------------  T H R E A D  ---------------

Current thread (0x0000000017bb9000):  JavaThread "C2 CompilerThread1" daemon [_thread_in_native, id=6196, stack(0x0000000019930000,0x0000000019a30000)]

Stack: [0x0000000019930000,0x0000000019a30000]
[error occurred during error reporting (printing stack bounds), id 0xc0000005]

Native frames: (J=compiled Java code, j=interpreted, Vv=VM code, C=native code)


Current CompileTask:
C2:   5527 3018       4       groovy.lang.MetaClassImpl$1MOPIter::methodNameAction (479 bytes)


---------------  P R O C E S S  ---------------

Java Threads: ( => current thread )
  0x00000000200a0800 JavaThread "Okio Watchdog" daemon [_thread_blocked, id=10444, stack(0x0000000021af0000,0x0000000021bf0000)]
  0x000000002009f800 JavaThread "OkHttp ConnectionPool" daemon [_thread_blocked, id=20996, stack(0x0000000021420000,0x0000000021520000)]
  0x000000001ea1b800 JavaThread "ForkJoinPool.commonPool-worker-3" daemon [_thread_blocked, id=6152, stack(0x0000000021320000,0x0000000021420000)]
  0x000000001e59f800 JavaThread "ForkJoinPool.commonPool-worker-2" daemon [_thread_blocked, id=31908, stack(0x0000000021220000,0x0000000021320000)]
  0x000000001e59e800 JavaThread "ForkJoinPool.commonPool-worker-1" daemon [_thread_blocked, id=1740, stack(0x0000000021120000,0x0000000021220000)]
  0x000000001e8ff800 JavaThread "Keep-Alive-Timer" daemon [_thread_blocked, id=8220, stack(0x0000000021020000,0x0000000021120000)]
  0x000000001e8fe800 JavaThread "Exec Stream Pumper" daemon [_thread_in_native, id=21920, stack(0x0000000020f20000,0x0000000021020000)]
  0x000000001e8fb800 JavaThread "Exec Stream Pumper" daemon [_thread_in_native, id=20168, stack(0x000000001eb70000,0x000000001ec70000)]
  0x000000001e8fd000 JavaThread "UrlChecker-2" daemon [_thread_blocked, id=32196, stack(0x000000001cbe0000,0x000000001cce0000)]
  0x000000001c61f800 JavaThread "Exec Default Executor" daemon [_thread_in_native, id=13984, stack(0x000000001b900000,0x000000001ba00000)]
  0x0000000019aad800 JavaThread "Service Thread" daemon [_thread_blocked, id=31304, stack(0x0000000019f30000,0x000000001a030000)]
  0x0000000019a30800 JavaThread "C1 CompilerThread2" daemon [_thread_blocked, id=18348, stack(0x0000000019e30000,0x0000000019f30000)]
=>0x0000000017bb9000 JavaThread "C2 CompilerThread1" daemon [_thread_in_native, id=6196, stack(0x0000000019930000,0x0000000019a30000)]
  0x0000000017bb7000 JavaThread "C2 CompilerThread0" daemon [_thread_blocked, id=23268, stack(0x0000000019830000,0x0000000019930000)]
  0x0000000017bb4000 JavaThread "Attach Listener" daemon [_thread_blocked, id=2824, stack(0x0000000019730000,0x0000000019830000)]
  0x0000000017bb3000 JavaThread "Signal Dispatcher" daemon [_thread_blocked, id=23488, stack(0x0000000019630000,0x0000000019730000)]
  0x0000000017b99800 JavaThread "Finalizer" daemon [_thread_blocked, id=14488, stack(0x0000000019410000,0x0000000019510000)]
  0x0000000017b90000 JavaThread "Reference Handler" daemon [_thread_blocked, id=3288, stack(0x0000000019310000,0x0000000019410000)]
  0x0000000002c4f000 JavaThread "Forwarding get on session bd2e71622703ae455af4d0c1731d4b17 to remote" [_thread_in_native, id=20396, stack(0x0000000002b40000,0x0000000002c40000)]

Other Threads:
  0x0000000017b6a000 VMThread [stack: 0x0000000019210000,0x0000000019310000] [id=21008]
  0x0000000019b07000 WatcherThread [stack: 0x000000001a030000,0x000000001a130000] [id=16184]

VM state:not at safepoint (normal execution)

VM Mutex/Monitor currently owned by a thread: None

Heap:
 PSYoungGen      total 211456K, used 121016K [0x00000000d5580000, 0x00000000e6100000, 0x0000000100000000)
  eden space 208896K, 56% used [0x00000000d5580000,0x00000000dc9661f8,0x00000000e2180000)
  from space 2560K, 91% used [0x00000000e5e80000,0x00000000e60c8000,0x00000000e6100000)
  to   space 9728K, 0% used [0x00000000e4e00000,0x00000000e4e00000,0x00000000e5780000)
 ParOldGen       total 62976K, used 13220K [0x0000000080000000, 0x0000000083d80000, 0x00000000d5580000)
  object space 62976K, 20% used [0x0000000080000000,0x0000000080ce90f0,0x0000000083d80000)
 Metaspace       used 29047K, capacity 30010K, committed 30208K, reserved 1075200K
  class space    used 3505K, capacity 3755K, committed 3840K, reserved 1048576K

Card table byte_map: [0x0000000012100000,0x0000000012510000] byte_map_base: 0x0000000011d00000

Marking Bits: (ParMarkBitMap*) 0x000000005b662d00
 Begin Bits: [0x0000000012dc0000, 0x0000000014dc0000)
 End Bits:   [0x0000000014dc0000, 0x0000000016dc0000)

Polling page: 0x0000000002a00000

CodeCache: size=245760Kb used=12957Kb max_used=12979Kb free=232802Kb
 bounds [0x0000000002d40000, 0x0000000003a00000, 0x0000000011d40000]
 total_blobs=3805 nmethods=3128 adapters=588
 compilation: enabled

Compilation events (10 events):
Event: 5.270 Thread 0x0000000017bb9000 3010 %     4       sun.reflect.generics.parser.SignatureParser::parseIdentifier @ 8 (115 bytes)
Event: 5.278 Thread 0x0000000017bb9000 nmethod 3010% 0x00000000039cd010 code [0x00000000039cd240, 0x00000000039cdb38]
Event: 5.278 Thread 0x0000000017bb9000 3018       4       groovy.lang.MetaClassImpl$1MOPIter::methodNameAction (479 bytes)
Event: 5.290 Thread 0x0000000017bb7000 nmethod 3028 0x00000000039e2450 code [0x00000000039e2840, 0x00000000039e5580]
Event: 5.290 Thread 0x0000000017bb7000 3037       4       java.util.HashMap::putVal (300 bytes)
Event: 5.294 Thread 0x0000000017bb7000 nmethod 3037 0x00000000039cc490 code [0x00000000039cc620, 0x00000000039ccaf8]
Event: 5.294 Thread 0x0000000017bb7000 3084       4       java.util.ArrayList::<init> (12 bytes)
Event: 5.294 Thread 0x0000000017bb7000 nmethod 3084 0x0000000003955f90 code [0x00000000039560c0, 0x0000000003956138]
Event: 5.294 Thread 0x0000000017bb7000 3006       4       groovy.lang.MetaClassImpl::isGenericGetMethod (44 bytes)
Event: 5.328 Thread 0x0000000017bb7000 nmethod 3006 0x00000000039eb190 code [0x00000000039eb540, 0x00000000039edf38]

GC Heap History (10 events):
Event: 1.383 GC heap before
{Heap before GC invocations=5 (full 0):
 PSYoungGen      total 70656K, used 70646K [0x00000000d5580000, 0x00000000d9f80000, 0x0000000100000000)
  eden space 65536K, 100% used [0x00000000d5580000,0x00000000d9580000,0x00000000d9580000)
  from space 5120K, 99% used [0x00000000d9a80000,0x00000000d9f7db78,0x00000000d9f80000)
  to   space 5120K, 0% used [0x00000000d9580000,0x00000000d9580000,0x00000000d9a80000)
 ParOldGen       total 86016K, used 3035K [0x0000000080000000, 0x0000000085400000, 0x00000000d5580000)
  object space 86016K, 3% used [0x0000000080000000,0x00000000802f6d80,0x0000000085400000)
 Metaspace       used 20066K, capacity 20366K, committed 20608K, reserved 1067008K
  class space    used 2246K, capacity 2333K, committed 2432K, reserved 1048576K
Event: 1.390 GC heap after
Heap after GC invocations=5 (full 0):
 PSYoungGen      total 70656K, used 5105K [0x00000000d5580000, 0x00000000de980000, 0x0000000100000000)
  eden space 65536K, 0% used [0x00000000d5580000,0x00000000d5580000,0x00000000d9580000)
  from space 5120K, 99% used [0x00000000d9580000,0x00000000d9a7c790,0x00000000d9a80000)
  to   space 10240K, 0% used [0x00000000ddf80000,0x00000000ddf80000,0x00000000de980000)
 ParOldGen       total 86016K, used 8037K [0x0000000080000000, 0x0000000085400000, 0x00000000d5580000)
  object space 86016K, 9% used [0x0000000080000000,0x00000000807d9720,0x0000000085400000)
 Metaspace       used 20066K, capacity 20366K, committed 20608K, reserved 1067008K
  class space    used 2246K, capacity 2333K, committed 2432K, reserved 1048576K
}
Event: 1.592 GC heap before
{Heap before GC invocations=6 (full 0):
 PSYoungGen      total 70656K, used 70641K [0x00000000d5580000, 0x00000000de980000, 0x0000000100000000)
  eden space 65536K, 100% used [0x00000000d5580000,0x00000000d9580000,0x00000000d9580000)
  from space 5120K, 99% used [0x00000000d9580000,0x00000000d9a7c790,0x00000000d9a80000)
  to   space 10240K, 0% used [0x00000000ddf80000,0x00000000ddf80000,0x00000000de980000)
 ParOldGen       total 86016K, used 8037K [0x0000000080000000, 0x0000000085400000, 0x00000000d5580000)
  object space 86016K, 9% used [0x0000000080000000,0x00000000807d9720,0x0000000085400000)
 Metaspace       used 20584K, capacity 20950K, committed 21120K, reserved 1069056K
  class space    used 2274K, capacity 2374K, committed 2432K, reserved 1048576K
Event: 1.597 GC heap after
Heap after GC invocations=6 (full 0):
 PSYoungGen      total 140288K, used 6524K [0x00000000d5580000, 0x00000000de880000, 0x0000000100000000)
  eden space 131072K, 0% used [0x00000000d5580000,0x00000000d5580000,0x00000000dd580000)
  from space 9216K, 70% used [0x00000000ddf80000,0x00000000de5df330,0x00000000de880000)
  to   space 9728K, 0% used [0x00000000dd580000,0x00000000dd580000,0x00000000ddf00000)
 ParOldGen       total 86016K, used 8045K [0x0000000080000000, 0x0000000085400000, 0x00000000d5580000)
  object space 86016K, 9% used [0x0000000080000000,0x00000000807db720,0x0000000085400000)
 Metaspace       used 20584K, capacity 20950K, committed 21120K, reserved 1069056K
  class space    used 2274K, capacity 2374K, committed 2432K, reserved 1048576K
}
Event: 1.655 GC heap before
{Heap before GC invocations=7 (full 0):
 PSYoungGen      total 140288K, used 22279K [0x00000000d5580000, 0x00000000de880000, 0x0000000100000000)
  eden space 131072K, 12% used [0x00000000d5580000,0x00000000d64e2af8,0x00000000dd580000)
  from space 9216K, 70% used [0x00000000ddf80000,0x00000000de5df330,0x00000000de880000)
  to   space 9728K, 0% used [0x00000000dd580000,0x00000000dd580000,0x00000000ddf00000)
 ParOldGen       total 86016K, used 8045K [0x0000000080000000, 0x0000000085400000, 0x00000000d5580000)
  object space 86016K, 9% used [0x0000000080000000,0x00000000807db720,0x0000000085400000)
 Metaspace       used 20824K, capacity 21116K, committed 21296K, reserved 1069056K
  class space    used 2292K, capacity 2408K, committed 2432K, reserved 1048576K
Event: 1.663 GC heap after
Heap after GC invocations=7 (full 0):
 PSYoungGen      total 140800K, used 6825K [0x00000000d5580000, 0x00000000e6780000, 0x0000000100000000)
  eden space 131072K, 0% used [0x00000000d5580000,0x00000000d5580000,0x00000000dd580000)
  from space 9728K, 70% used [0x00000000dd580000,0x00000000ddc2a5f0,0x00000000ddf00000)
  to   space 9216K, 0% used [0x00000000e5e80000,0x00000000e5e80000,0x00000000e6780000)
 ParOldGen       total 86016K, used 10512K [0x0000000080000000, 0x0000000085400000, 0x00000000d5580000)
  object space 86016K, 12% used [0x0000000080000000,0x0000000080a44398,0x0000000085400000)
 Metaspace       used 20824K, capacity 21116K, committed 21296K, reserved 1069056K
  class space    used 2292K, capacity 2408K, committed 2432K, reserved 1048576K
}
Event: 1.663 GC heap before
{Heap before GC invocations=8 (full 1):
 PSYoungGen      total 140800K, used 6825K [0x00000000d5580000, 0x00000000e6780000, 0x0000000100000000)
  eden space 131072K, 0% used [0x00000000d5580000,0x00000000d5580000,0x00000000dd580000)
  from space 9728K, 70% used [0x00000000dd580000,0x00000000ddc2a5f0,0x00000000ddf00000)
  to   space 9216K, 0% used [0x00000000e5e80000,0x00000000e5e80000,0x00000000e6780000)
 ParOldGen       total 86016K, used 10512K [0x0000000080000000, 0x0000000085400000, 0x00000000d5580000)
  object space 86016K, 12% used [0x0000000080000000,0x0000000080a44398,0x0000000085400000)
 Metaspace       used 20824K, capacity 21116K, committed 21296K, reserved 1069056K
  class space    used 2292K, capacity 2408K, committed 2432K, reserved 1048576K
Event: 1.697 GC heap after
Heap after GC invocations=8 (full 1):
 PSYoungGen      total 140800K, used 0K [0x00000000d5580000, 0x00000000e6780000, 0x0000000100000000)
  eden space 131072K, 0% used [0x00000000d5580000,0x00000000d5580000,0x00000000dd580000)
  from space 9728K, 0% used [0x00000000dd580000,0x00000000dd580000,0x00000000ddf00000)
  to   space 9216K, 0% used [0x00000000e5e80000,0x00000000e5e80000,0x00000000e6780000)
 ParOldGen       total 62976K, used 13212K [0x0000000080000000, 0x0000000083d80000, 0x00000000d5580000)
  object space 62976K, 20% used [0x0000000080000000,0x0000000080ce70f0,0x0000000083d80000)
 Metaspace       used 20824K, capacity 21116K, committed 21296K, reserved 1069056K
  class space    used 2292K, capacity 2408K, committed 2432K, reserved 1048576K
}
Event: 2.257 GC heap before
{Heap before GC invocations=9 (full 1):
 PSYoungGen      total 140800K, used 131072K [0x00000000d5580000, 0x00000000e6780000, 0x0000000100000000)
  eden space 131072K, 100% used [0x00000000d5580000,0x00000000dd580000,0x00000000dd580000)
  from space 9728K, 0% used [0x00000000dd580000,0x00000000dd580000,0x00000000ddf00000)
  to   space 9216K, 0% used [0x00000000e5e80000,0x00000000e5e80000,0x00000000e6780000)
 ParOldGen       total 62976K, used 13212K [0x0000000080000000, 0x0000000083d80000, 0x00000000d5580000)
  object space 62976K, 20% used [0x0000000080000000,0x0000000080ce70f0,0x0000000083d80000)
 Metaspace       used 21734K, capacity 22132K, committed 22448K, reserved 1069056K
  class space    used 2443K, capacity 2552K, committed 2560K, reserved 1048576K
Event: 2.259 GC heap after
Heap after GC invocations=9 (full 1):
 PSYoungGen      total 211456K, used 2336K [0x00000000d5580000, 0x00000000e6100000, 0x0000000100000000)
  eden space 208896K, 0% used [0x00000000d5580000,0x00000000d5580000,0x00000000e2180000)
  from space 2560K, 91% used [0x00000000e5e80000,0x00000000e60c8000,0x00000000e6100000)
  to   space 9728K, 0% used [0x00000000e4e00000,0x00000000e4e00000,0x00000000e5780000)
 ParOldGen       total 62976K, used 13220K [0x0000000080000000, 0x0000000083d80000, 0x00000000d5580000)
  object space 62976K, 20% used [0x0000000080000000,0x0000000080ce90f0,0x0000000083d80000)
 Metaspace       used 21734K, capacity 22132K, committed 22448K, reserved 1069056K
  class space    used 2443K, capacity 2552K, committed 2560K, reserved 1048576K
}

Deoptimization events (10 events):
Event: 4.859 Thread 0x0000000002c4f000 Uncommon trap: reason=class_check action=maybe_recompile pc=0x00000000038cfcb4 method=org.openqa.selenium.json.Input.init()V @ 18
Event: 4.859 Thread 0x0000000002c4f000 Uncommon trap: reason=class_check action=maybe_recompile pc=0x00000000038cfcb4 method=org.openqa.selenium.json.Input.init()V @ 18
Event: 4.859 Thread 0x0000000002c4f000 Uncommon trap: reason=class_check action=maybe_recompile pc=0x00000000038cfcb4 method=org.openqa.selenium.json.Input.init()V @ 18
Event: 4.859 Thread 0x0000000002c4f000 Uncommon trap: reason=class_check action=maybe_recompile pc=0x00000000038cfcb4 method=org.openqa.selenium.json.Input.init()V @ 18
Event: 4.918 Thread 0x0000000002c4f000 Uncommon trap: reason=unstable_if action=reinterpret pc=0x00000000030a5e6c method=java.util.HashMap.getNode(ILjava/lang/Object;)Ljava/util/HashMap$Node; @ 129
Event: 4.918 Thread 0x0000000002c4f000 Uncommon trap: reason=bimorphic action=maybe_recompile pc=0x00000000037a1584 method=java.util.HashMap.putVal(ILjava/lang/Object;Ljava/lang/Object;ZZ)Ljava/lang/Object; @ 203
Event: 4.918 Thread 0x0000000002c4f000 Uncommon trap: reason=unstable_if action=reinterpret pc=0x00000000030a0210 method=java.util.HashMap.getNode(ILjava/lang/Object;)Ljava/util/HashMap$Node; @ 129
Event: 4.918 Thread 0x0000000002c4f000 Uncommon trap: reason=bimorphic action=maybe_recompile pc=0x00000000037a1584 method=java.util.HashMap.putVal(ILjava/lang/Object;Ljava/lang/Object;ZZ)Ljava/lang/Object; @ 203
Event: 5.115 Thread 0x0000000002c4f000 Uncommon trap: reason=unstable_if action=reinterpret pc=0x00000000037a2da4 method=java.lang.CharacterDataLatin1.digit(II)I @ 60
Event: 5.242 Thread 0x0000000002c4f000 Uncommon trap: reason=bimorphic action=maybe_recompile pc=0x0000000003396238 method=java.net.URL.<init>(Ljava/net/URL;Ljava/lang/String;Ljava/net/URLStreamHandler;)V @ 504

Classes redefined (0 events):
No events

Internal exceptions (10 events):
Event: 5.213 Thread 0x0000000002c4f000 Exception <a 'java/lang/ClassNotFoundException': Script5Customizer> (0x00000000dbfc6868) thrown at [C:\re\workspace\8-2-build-windows-amd64-cygwin\jdk8u181\11358\hotspot\src\share\vm\classfile\systemDictionary.cpp, line 210]
Event: 5.217 Thread 0x0000000002c4f000 Exception <a 'java/lang/ClassNotFoundException': Script6BeanInfo> (0x00000000dc06ba80) thrown at [C:\re\workspace\8-2-build-windows-amd64-cygwin\jdk8u181\11358\hotspot\src\share\vm\classfile\systemDictionary.cpp, line 210]
Event: 5.218 Thread 0x0000000002c4f000 Exception <a 'java/lang/ClassNotFoundException': Script6Customizer> (0x00000000dc0afd50) thrown at [C:\re\workspace\8-2-build-windows-amd64-cygwin\jdk8u181\11358\hotspot\src\share\vm\classfile\systemDictionary.cpp, line 210]
Event: 5.223 Thread 0x0000000002c4f000 Exception <a 'java/lang/ClassNotFoundException': Script7BeanInfo> (0x00000000dc1550a0) thrown at [C:\re\workspace\8-2-build-windows-amd64-cygwin\jdk8u181\11358\hotspot\src\share\vm\classfile\systemDictionary.cpp, line 210]
Event: 5.224 Thread 0x0000000002c4f000 Exception <a 'java/lang/ClassNotFoundException': Script7Customizer> (0x00000000dc199468) thrown at [C:\re\workspace\8-2-build-windows-amd64-cygwin\jdk8u181\11358\hotspot\src\share\vm\classfile\systemDictionary.cpp, line 210]
Event: 5.229 Thread 0x0000000002c4f000 Exception <a 'java/lang/ClassNotFoundException': Script8BeanInfo> (0x00000000dc2436c0) thrown at [C:\re\workspace\8-2-build-windows-amd64-cygwin\jdk8u181\11358\hotspot\src\share\vm\classfile\systemDictionary.cpp, line 210]
Event: 5.230 Thread 0x0000000002c4f000 Exception <a 'java/lang/ClassNotFoundException': Script8Customizer> (0x00000000dc287990) thrown at [C:\re\workspace\8-2-build-windows-amd64-cygwin\jdk8u181\11358\hotspot\src\share\vm\classfile\systemDictionary.cpp, line 210]
Event: 5.237 Thread 0x0000000002c4f000 Exception <a 'java/lang/ClassNotFoundException': com/kms/katalon/core/webui/keyword/builtin/NavigateToUrlKeywordBeanInfo> (0x00000000dc45c240) thrown at [C:\re\workspace\8-2-build-windows-amd64-cygwin\jdk8u181\11358\hotspot\src\share\vm\classfile\systemDi
Event: 5.238 Thread 0x0000000002c4f000 Exception <a 'java/lang/ClassNotFoundException': com/kms/katalon/core/webui/keyword/builtin/NavigateToUrlKeywordCustomizer> (0x00000000dc4b9a20) thrown at [C:\re\workspace\8-2-build-windows-amd64-cygwin\jdk8u181\11358\hotspot\src\share\vm\classfile\system
Event: 5.246 Thread 0x0000000002c4f000 Exception <a 'java/net/SocketTimeoutException': Read timed out> (0x00000000dc601e88) thrown at [C:\re\workspace\8-2-build-windows-amd64-cygwin\jdk8u181\11358\hotspot\src\share\vm\prims\jni.cpp, line 735]

Events (10 events):
Event: 5.241 loading class com/kms/katalon/core/util/internal/PathUtil done
Event: 5.242 loading class sun/net/www/protocol/https/Handler
Event: 5.242 loading class sun/net/www/protocol/https/Handler done
Event: 5.242 Thread 0x0000000002c4f000 Uncommon trap: trap_request=0xffffffc6 fr.pc=0x0000000003396238
Event: 5.242 Thread 0x0000000002c4f000 DEOPT PACKING pc=0x0000000003396238 sp=0x0000000002c3c3d0
Event: 5.242 Thread 0x0000000002c4f000 DEOPT UNPACKING pc=0x0000000002d8583b sp=0x0000000002c3c358 mode 2
Event: 5.242 loading class org/openqa/selenium/support/events/EventFiringWebDriver$EventFiringNavigation
Event: 5.242 loading class org/openqa/selenium/support/events/EventFiringWebDriver$EventFiringNavigation done
Event: 5.243 loading class org/openqa/selenium/remote/RemoteWebDriver$RemoteNavigation
Event: 5.243 loading class org/openqa/selenium/remote/RemoteWebDriver$RemoteNavigation done


Dynamic libraries:
0x00007ff76de80000 - 0x00007ff76deb7000 	D:\Utilisateurs\samandari\QA\Outils\Katalon_Studio_Windows_64-7.7.1\jre\bin\javaw.exe
0x00007ff9c7240000 - 0x00007ff9c742d000 	C:\WINDOWS\SYSTEM32\ntdll.dll
0x00007ff9c4aa0000 - 0x00007ff9c4b53000 	C:\WINDOWS\System32\KERNEL32.DLL
0x00007ff9c41c0000 - 0x00007ff9c4455000 	C:\WINDOWS\System32\KERNELBASE.dll
0x000000005d100000 - 0x000000005d1a6000 	C:\WINDOWS\System32\SYSFER.DLL
0x00007ff9c45e0000 - 0x00007ff9c4683000 	C:\WINDOWS\System32\ADVAPI32.dll
0x00007ff9c5330000 - 0x00007ff9c53ce000 	C:\WINDOWS\System32\msvcrt.dll
0x00007ff9c53d0000 - 0x00007ff9c546e000 	C:\WINDOWS\System32\sechost.dll
0x00007ff9c4860000 - 0x00007ff9c4982000 	C:\WINDOWS\System32\RPCRT4.dll
0x00007ff9c4e90000 - 0x00007ff9c5027000 	C:\WINDOWS\System32\USER32.dll
0x00007ff9c3cc0000 - 0x00007ff9c3ce0000 	C:\WINDOWS\System32\win32u.dll
0x00007ff9c4690000 - 0x00007ff9c46b9000 	C:\WINDOWS\System32\GDI32.dll
0x00007ff9c4020000 - 0x00007ff9c41bc000 	C:\WINDOWS\System32\gdi32full.dll
0x00007ff9c3c20000 - 0x00007ff9c3cc0000 	C:\WINDOWS\System32\msvcp_win.dll
0x00007ff9c3b20000 - 0x00007ff9c3c1a000 	C:\WINDOWS\System32\ucrtbase.dll
0x00007ff9b8780000 - 0x00007ff9b89f9000 	C:\WINDOWS\WinSxS\amd64_microsoft.windows.common-controls_6595b64144ccf1df_6.0.17763.1577_none_de7444545348a3d0\COMCTL32.dll
0x00007ff9c4b60000 - 0x00007ff9c4e8d000 	C:\WINDOWS\System32\combase.dll
0x00007ff9c3340000 - 0x00007ff9c33be000 	C:\WINDOWS\System32\bcryptPrimitives.dll
0x00007ff9c4830000 - 0x00007ff9c485e000 	C:\WINDOWS\System32\IMM32.DLL
0x000000005ac20000 - 0x000000005acf2000 	D:\Utilisateurs\samandari\QA\Outils\Katalon_Studio_Windows_64-7.7.1\jre\bin\msvcr100.dll
0x000000005ae40000 - 0x000000005b6e2000 	D:\Utilisateurs\samandari\QA\Outils\Katalon_Studio_Windows_64-7.7.1\jre\bin\server\jvm.dll
0x00007ff9c7000000 - 0x00007ff9c7008000 	C:\WINDOWS\System32\PSAPI.DLL
0x00007ff9b3890000 - 0x00007ff9b3899000 	C:\WINDOWS\SYSTEM32\WSOCK32.dll
0x00007ff9c5210000 - 0x00007ff9c527d000 	C:\WINDOWS\System32\WS2_32.dll
0x00007ff9b86a0000 - 0x00007ff9b86c4000 	C:\WINDOWS\SYSTEM32\WINMM.dll
0x00007ff9ba300000 - 0x00007ff9ba30a000 	C:\WINDOWS\SYSTEM32\VERSION.dll
0x00007ff9b8670000 - 0x00007ff9b869d000 	C:\WINDOWS\SYSTEM32\WINMMBASE.dll
0x00007ff9c32f0000 - 0x00007ff9c333a000 	C:\WINDOWS\System32\cfgmgr32.dll
0x000000005ce00000 - 0x000000005ce0f000 	D:\Utilisateurs\samandari\QA\Outils\Katalon_Studio_Windows_64-7.7.1\jre\bin\verify.dll
0x000000005cdd0000 - 0x000000005cdf9000 	D:\Utilisateurs\samandari\QA\Outils\Katalon_Studio_Windows_64-7.7.1\jre\bin\java.dll
0x000000005c4f0000 - 0x000000005c506000 	D:\Utilisateurs\samandari\QA\Outils\Katalon_Studio_Windows_64-7.7.1\jre\bin\zip.dll
0x00007ff9c5950000 - 0x00007ff9c6e49000 	C:\WINDOWS\System32\SHELL32.dll
0x00007ff9c49f0000 - 0x00007ff9c4a98000 	C:\WINDOWS\System32\shcore.dll
0x00007ff9c33c0000 - 0x00007ff9c3b13000 	C:\WINDOWS\System32\windows.storage.dll
0x00007ff9c32c0000 - 0x00007ff9c32e4000 	C:\WINDOWS\System32\profapi.dll
0x00007ff9c3220000 - 0x00007ff9c327d000 	C:\WINDOWS\System32\powrprof.dll
0x00007ff9c5470000 - 0x00007ff9c54c2000 	C:\WINDOWS\System32\shlwapi.dll
0x00007ff9c3280000 - 0x00007ff9c3291000 	C:\WINDOWS\System32\kernel.appcore.dll
0x00007ff9c3ce0000 - 0x00007ff9c3cf7000 	C:\WINDOWS\System32\cryptsp.dll
0x000000005c4d0000 - 0x000000005c4ea000 	D:\Utilisateurs\samandari\QA\Outils\Katalon_Studio_Windows_64-7.7.1\jre\bin\net.dll
0x00007ff9c2a90000 - 0x00007ff9c2af7000 	C:\WINDOWS\system32\mswsock.dll
0x000000005c4b0000 - 0x000000005c4c1000 	D:\Utilisateurs\samandari\QA\Outils\Katalon_Studio_Windows_64-7.7.1\jre\bin\nio.dll
0x00007ff9c27f0000 - 0x00007ff9c28b6000 	C:\WINDOWS\SYSTEM32\DNSAPI.dll
0x00007ff9c5200000 - 0x00007ff9c5208000 	C:\WINDOWS\System32\NSI.dll
0x00007ff9c27b0000 - 0x00007ff9c27ed000 	C:\WINDOWS\SYSTEM32\IPHLPAPI.DLL
0x00007ff9bcc30000 - 0x00007ff9bcc3a000 	C:\Windows\System32\rasadhlp.dll
0x00007ff9c1210000 - 0x00007ff9c1289000 	C:\WINDOWS\System32\fwpuclnt.dll
0x00007ff9c3ff0000 - 0x00007ff9c4016000 	C:\WINDOWS\System32\bcrypt.dll
0x000000005ad20000 - 0x000000005ad44000 	D:\Utilisateurs\samandari\QA\Outils\Katalon_Studio_Windows_64-7.7.1\jre\bin\sunec.dll
0x000000005ad10000 - 0x000000005ad1b000 	D:\Utilisateurs\samandari\QA\Outils\Katalon_Studio_Windows_64-7.7.1\jre\bin\sunmscapi.dll
0x00007ff9c3e10000 - 0x00007ff9c3fec000 	C:\WINDOWS\System32\CRYPT32.dll
0x00007ff9c32a0000 - 0x00007ff9c32b2000 	C:\WINDOWS\System32\MSASN1.dll
0x00007ff9c0f90000 - 0x00007ff9c0fa6000 	C:\WINDOWS\SYSTEM32\dhcpcsvc6.DLL
0x00007ff9c0f70000 - 0x00007ff9c0f8c000 	C:\WINDOWS\SYSTEM32\dhcpcsvc.DLL
0x00007ff9c2610000 - 0x00007ff9c2643000 	C:\WINDOWS\system32\rsaenh.dll
0x00007ff9c3120000 - 0x00007ff9c3149000 	C:\WINDOWS\SYSTEM32\USERENV.dll
0x00007ff9c2c60000 - 0x00007ff9c2c6c000 	C:\WINDOWS\SYSTEM32\CRYPTBASE.dll
0x00007ff9b2780000 - 0x00007ff9b2796000 	C:\WINDOWS\system32\napinsp.dll
0x00007ff9b2300000 - 0x00007ff9b231a000 	C:\WINDOWS\system32\pnrpnsp.dll
0x00007ff9b3860000 - 0x00007ff9b386e000 	C:\WINDOWS\System32\winrnr.dll
0x00007ff9be9b0000 - 0x00007ff9be9cb000 	C:\WINDOWS\system32\NLAapi.dll
0x00007ff9bd6a0000 - 0x00007ff9bd6b5000 	C:\WINDOWS\system32\wshbth.dll

VM Arguments:
jvm_args: -Dgroovy.home=/D:/Utilisateurs/samandari/QA/Outils/Katalon_Studio_Windows_64-7.7.1/plugins/org.codehaus.groovy_2.4.7.xx-201611170128-e46/ -Xmx2048m -Dfile.encoding=UTF-8 
java_command: org.codehaus.groovy.tools.GroovyStarter --classpath D:\Utilisateurs\samandari\QA\PROJET AUTOMATISATION\S3\S3\Include\scripts\groovy;D:\Utilisateurs\samandari\QA\PROJET AUTOMATISATION\S3\S3\Keywords;D:\Utilisateurs\samandari\QA\PROJET AUTOMATISATION\S3\S3\Libs;D:\Utilisateurs\samandari\QA\PROJET AUTOMATISATION\S3\S3\Test Listeners;D:\Utilisateurs\samandari\QA\Outils\Katalon_Studio_Windows_64-7.7.1\configuration\org.eclipse.osgi\24\0\.cp\resources\basic-report\katalon-studio-report-plugin.jar;D:\Utilisateurs\samandari\QA\Outils\Katalon_Studio_Windows_64-7.7.1\configuration\resources\lib\aalto-xml-1.0.0.jar;D:\Utilisateurs\samandari\QA\Outils\Katalon_Studio_Windows_64-7.7.1\configuration\resources\lib\aspectjweaver-1.9.1.jar;D:\Utilisateurs\samandari\QA\Outils\Katalon_Studio_Windows_64-7.7.1\configuration\resources\lib\bcpkix-jdk15on-1.58.jar;D:\Utilisateurs\samandari\QA\Outils\Katalon_Studio_Windows_64-7.7.1\configuration\resources\lib\bcprov-jdk15on-1.58.jar;D:\Utilisateurs\samandari\QA\Outils\Katalon_Studio_Windows_64-7.7.1\configuration\resources\lib\browsermob-core-2.1.5.jar;D:\Utilisateurs\samandari\QA\Outils\Katalon_Studio_Windows_64-7.7.1\configuration\resources\lib\cglib-3.2.10.jar;D:\Utilisateurs\samandari\QA\Outils\Katalon_Studio_Windows_64-7.7.1\configuration\resources\lib\commons-codec-1.10.jar;D:\Utilisateurs\samandari\QA\Outils\Katalon_Studio_Windows_64-7.7.1\configuration\resources\lib\commons-collections4-4.1.jar;D:\Utilisateurs\samandari\QA\Outils\Katalon_Studio_Windows_64-7.7.1\configuration\resources\lib\commons-validator-1.6.jar;D:\Utilisateurs\samandari\QA\Outils\Katalon_Studio_Windows_64-7.7.1\configuration\resources\lib\curvesapi-1.04.jar;D:\Utilisateurs\samandari\QA\Outils\Katalon_Studio_Windows_64-7.7.1\configuration\resources\lib\dnsjava-2.1.8.jar;D:\Utilisateurs\samandari\QA\Outils\Katalon_Studio_Windows_64-7.7.1\configuration\resources\lib\java-client-7.0.0.jar;D:\Utilisateurs\samandari\QA\Outils\Katalon_Studio_Windows_64-7.
java_class_path (initial): D:\Utilisateurs\samandari\QA\PROJET AUTOMATISATION\S3\S3\bin\keyword;D:\Utilisateurs\samandari\QA\PROJET AUTOMATISATION\S3\S3\bin\listener;D:\Utilisateurs\samandari\QA\PROJET AUTOMATISATION\S3\S3\bin\lib;D:\Utilisateurs\samandari\QA\PROJET AUTOMATISATION\S3\S3\bin\groovy;D:\Utilisateurs\samandari\QA\PROJET AUTOMATISATION\S3\S3\bin;D:\Utilisateurs\samandari\QA\Outils\Katalon_Studio_Windows_64-7.7.1\plugins\com.kms.katalon.core_1.0.0.202009220546.jar;D:\Utilisateurs\samandari\QA\Outils\Katalon_Studio_Windows_64-7.7.1\configuration\resources\lib\aalto-xml-1.0.0.jar;D:\Utilisateurs\samandari\QA\Outils\Katalon_Studio_Windows_64-7.7.1\configuration\resources\lib\aspectjweaver-1.9.1.jar;D:\Utilisateurs\samandari\QA\Outils\Katalon_Studio_Windows_64-7.7.1\configuration\resources\lib\bcpkix-jdk15on-1.58.jar;D:\Utilisateurs\samandari\QA\Outils\Katalon_Studio_Windows_64-7.7.1\configuration\resources\lib\bcprov-jdk15on-1.58.jar;D:\Utilisateurs\samandari\QA\Outils\Katalon_Studio_Windows_64-7.7.1\configuration\resources\lib\browsermob-core-2.1.5.jar;D:\Utilisateurs\samandari\QA\Outils\Katalon_Studio_Windows_64-7.7.1\configuration\resources\lib\cglib-3.2.10.jar;D:\Utilisateurs\samandari\QA\Outils\Katalon_Studio_Windows_64-7.7.1\configuration\resources\lib\commons-codec-1.10.jar;D:\Utilisateurs\samandari\QA\Outils\Katalon_Studio_Windows_64-7.7.1\configuration\resources\lib\commons-collections4-4.1.jar;D:\Utilisateurs\samandari\QA\Outils\Katalon_Studio_Windows_64-7.7.1\configuration\resources\lib\commons-validator-1.6.jar;D:\Utilisateurs\samandari\QA\Outils\Katalon_Studio_Windows_64-7.7.1\configuration\resources\lib\curvesapi-1.04.jar;D:\Utilisateurs\samandari\QA\Outils\Katalon_Studio_Windows_64-7.7.1\configuration\resources\lib\dnsjava-2.1.8.jar;D:\Utilisateurs\samandari\QA\Outils\Katalon_Studio_Windows_64-7.7.1\configuration\resources\lib\java-client-7.0.0.jar;D:\Utilisateurs\samandari\QA\Outils\Katalon_Studio_Windows_64-7.7.1\configuration\resources\li
Launcher Type: SUN_STANDARD

Environment Variables:
JAVA_HOME=C:\Program Files\Java\jdk1.8.0_281
PATH=D:/Utilisateurs/samandari/QA/Outils/Katalon_Studio_Windows_64-7.7.1/jre/bin/server;D:/Utilisateurs/samandari/QA/Outils/Katalon_Studio_Windows_64-7.7.1/jre/bin;D:/Utilisateurs/samandari/QA/Outils/Katalon_Studio_Windows_64-7.7.1/jre/lib/amd64;C:\Program Files (x86)\Common Files\Oracle\Java\javapath;C:\ProgramData\Oracle\Java\javapath;C:\Python27\;C:\Python27\Scripts;C:\WINDOWS\system32;C:\WINDOWS;C:\WINDOWS\System32\Wbem;C:\WINDOWS\System32\WindowsPowerShell\v1.0\;C:\Program Files\PuTTY\;C:\Program Files\Git\cmd;C:\ProgramData\chocolatey\bin;C:\Program Files\Java\jdk1.8.0_281\bin;C:\Program Files\nodejs\;D:\Utilisateurs\samandari\AppData\Local\Microsoft\WindowsApps;D:\Utilisateurs\samandari\AppData\Roaming\npm;D:\Utilisateurs\samandari\QA\Outils\Katalon_Studio_Windows_64-7.7.1;
USERNAME=samandari
OS=Windows_NT
PROCESSOR_IDENTIFIER=Intel64 Family 6 Model 158 Stepping 10, GenuineIntel



---------------  S Y S T E M  ---------------

OS: Windows 10.0 , 64 bit Build 17763 (10.0.17763.475)

CPU:total 6 (initial active 6) (6 cores per cpu, 1 threads per core) family 6 model 158 stepping 10, cmov, cx8, fxsr, mmx, sse, sse2, sse3, ssse3, sse4.1, sse4.2, popcnt, avx, avx2, aes, clmul, erms, rtm, 3dnowpref, lzcnt, tsc, tscinvbit, bmi1, bmi2, adx

Memory: 4k page, physical 8236320k(862896k free), swap 20720924k(504k free)

vm_info: Java HotSpot(TM) 64-Bit Server VM (25.181-b13) for windows-amd64 JRE (1.8.0_181-b13), built on Jul  7 2018 04:01:33 by "java_re" with MS VC++ 10.0 (VS2010)

time: Fri Apr 30 17:08:22 2021
elapsed time: 5 seconds (0d 0h 0m 5s)

